
*** Running vivado
    with args -log BIKE_2_top.vdi -applog -m64 -product Vivado -messageDb vivado.pb -mode batch -source BIKE_2_top.tcl -notrace


****** Vivado v2018.1 (64-bit)
  **** SW Build 2188600 on Wed Apr  4 18:40:38 MDT 2018
  **** IP Build 2185939 on Wed Apr  4 20:55:05 MDT 2018
    ** Copyright 1986-2018 Xilinx, Inc. All Rights Reserved.

source BIKE_2_top.tcl -notrace
Command: link_design -top BIKE_2_top -part xc7a75tfgg484-1
Design is defaulting to srcset: sources_1
Design is defaulting to constrset: constrs_1
INFO: [Project 1-454] Reading design checkpoint 'c:/Users/David/Desktop/KeyGen-3/KeyGen.ip/mem_g/mem_g.dcp' for cell 'f0'
INFO: [Project 1-454] Reading design checkpoint 'c:/Users/David/Desktop/KeyGen-3/KeyGen.ip/mem_h/mem_h.dcp' for cell 'h0'
INFO: [Project 1-454] Reading design checkpoint 'c:/Users/David/Desktop/KeyGen-3/KeyGen.ip/fifo_rng/fifo_rng.dcp' for cell 'h0_rng'
INFO: [Netlist 29-17] Analyzing 94 Unisim elements for replacement
INFO: [Netlist 29-28] Unisim Transformation completed in 0 CPU seconds
INFO: [Project 1-479] Netlist was created with Vivado 2018.1
INFO: [Device 21-403] Loading part xc7a75tfgg484-1
INFO: [Project 1-570] Preparing netlist for logic optimization
Parsing XDC File [c:/Users/David/Desktop/KeyGen-3/KeyGen.ip/fifo_rng/fifo_rng.xdc] for cell 'h0_rng/U0'
Finished Parsing XDC File [c:/Users/David/Desktop/KeyGen-3/KeyGen.ip/fifo_rng/fifo_rng.xdc] for cell 'h0_rng/U0'
Parsing XDC File [c:/Users/David/Desktop/KeyGen-3/KeyGen.ip/fifo_rng/fifo_rng.xdc] for cell 'h1_rng/U0'
Finished Parsing XDC File [c:/Users/David/Desktop/KeyGen-3/KeyGen.ip/fifo_rng/fifo_rng.xdc] for cell 'h1_rng/U0'
Parsing XDC File [c:/Users/David/Desktop/KeyGen-3/KeyGen.ip/fifo_rng/fifo_rng.xdc] for cell 'rng/U0'
Finished Parsing XDC File [c:/Users/David/Desktop/KeyGen-3/KeyGen.ip/fifo_rng/fifo_rng.xdc] for cell 'rng/U0'
Parsing XDC File [C:/Users/David/Desktop/KeyGen-3/KeyGen.srcs/constrs_1/new/user_constrains.xdc]
Finished Parsing XDC File [C:/Users/David/Desktop/KeyGen-3/KeyGen.srcs/constrs_1/new/user_constrains.xdc]
INFO: [Opt 31-138] Pushed 0 inverter(s) to 0 load pin(s).
INFO: [Project 1-111] Unisim Transformation Summary:
No Unisim elements were transformed.

10 Infos, 0 Warnings, 0 Critical Warnings and 0 Errors encountered.
link_design completed successfully
link_design: Time (s): cpu = 00:00:07 ; elapsed = 00:00:21 . Memory (MB): peak = 695.609 ; gain = 359.891
Command: opt_design
Attempting to get a license for feature 'Implementation' and/or device 'xc7a75t'
INFO: [Common 17-349] Got license for feature 'Implementation' and/or device 'xc7a75t'
Running DRC as a precondition to command opt_design

Starting DRC Task
INFO: [DRC 23-27] Running DRC with 2 threads
INFO: [Project 1-461] DRC finished with 0 Errors
INFO: [Project 1-462] Please refer to the DRC report (report_drc) for more information.

Time (s): cpu = 00:00:01 ; elapsed = 00:00:00.589 . Memory (MB): peak = 705.934 ; gain = 10.324
INFO: [Timing 38-35] Done setting XDC timing constraints.

Starting Logic Optimization Task

Phase 1 Retarget
INFO: [Opt 31-138] Pushed 0 inverter(s) to 0 load pin(s).
INFO: [Opt 31-49] Retargeted 0 cell(s).
Phase 1 Retarget | Checksum: e8e88d08

Time (s): cpu = 00:00:00 ; elapsed = 00:00:00.287 . Memory (MB): peak = 1262.664 ; gain = 0.000
INFO: [Opt 31-389] Phase Retarget created 0 cells and removed 0 cells

Phase 2 Constant propagation
INFO: [Opt 31-138] Pushed 0 inverter(s) to 0 load pin(s).
Phase 2 Constant propagation | Checksum: ea9b30ca

Time (s): cpu = 00:00:00 ; elapsed = 00:00:00.342 . Memory (MB): peak = 1262.664 ; gain = 0.000
INFO: [Opt 31-389] Phase Constant propagation created 0 cells and removed 0 cells

Phase 3 Sweep
Phase 3 Sweep | Checksum: eb13a435

Time (s): cpu = 00:00:00 ; elapsed = 00:00:00.676 . Memory (MB): peak = 1262.664 ; gain = 0.000
INFO: [Opt 31-389] Phase Sweep created 0 cells and removed 477 cells

Phase 4 BUFG optimization
Phase 4 BUFG optimization | Checksum: eb13a435

Time (s): cpu = 00:00:01 ; elapsed = 00:00:00.736 . Memory (MB): peak = 1262.664 ; gain = 0.000
INFO: [Opt 31-389] Phase BUFG optimization created 0 cells and removed 0 cells

Phase 5 Shift Register Optimization
Phase 5 Shift Register Optimization | Checksum: eb13a435

Time (s): cpu = 00:00:01 ; elapsed = 00:00:00.778 . Memory (MB): peak = 1262.664 ; gain = 0.000
INFO: [Opt 31-389] Phase Shift Register Optimization created 0 cells and removed 0 cells

Phase 6 Post Processing Netlist
Phase 6 Post Processing Netlist | Checksum: eb13a435

Time (s): cpu = 00:00:01 ; elapsed = 00:00:00.830 . Memory (MB): peak = 1262.664 ; gain = 0.000
INFO: [Opt 31-389] Phase Post Processing Netlist created 0 cells and removed 0 cells

Starting Connectivity Check Task

Time (s): cpu = 00:00:00 ; elapsed = 00:00:00.005 . Memory (MB): peak = 1262.664 ; gain = 0.000
Ending Logic Optimization Task | Checksum: eb13a435

Time (s): cpu = 00:00:01 ; elapsed = 00:00:00.843 . Memory (MB): peak = 1262.664 ; gain = 0.000

Starting Power Optimization Task
INFO: [Pwropt 34-132] Skipping clock gating for clocks with a period < 2.00 ns.
INFO: [Timing 38-35] Done setting XDC timing constraints.
INFO: [Pwropt 34-9] Applying IDT optimizations ...
INFO: [Pwropt 34-10] Applying ODC optimizations ...
INFO: [Physopt 32-619] Estimated Timing Summary | WNS=-0.521 | TNS=-47.210 |
Running Vector-less Activity Propagation...

Finished Running Vector-less Activity Propagation


Starting PowerOpt Patch Enables Task
INFO: [Pwropt 34-162] WRITE_MODE attribute of 1 BRAM(s) out of a total of 5 has been updated to save power. Run report_power_opt to get a complete listing of the BRAMs updated.
INFO: [Pwropt 34-201] Structural ODC has moved 1 WE to EN ports
Number of BRAM Ports augmented: 1 newly gated: 2 Total Ports: 10
Ending PowerOpt Patch Enables Task | Checksum: 7d0c7c8c

Time (s): cpu = 00:00:00 ; elapsed = 00:00:00.028 . Memory (MB): peak = 1436.883 ; gain = 0.000
Ending Power Optimization Task | Checksum: 7d0c7c8c

Time (s): cpu = 00:00:03 ; elapsed = 00:00:02 . Memory (MB): peak = 1436.883 ; gain = 174.219
INFO: [Common 17-83] Releasing license: Implementation
32 Infos, 0 Warnings, 0 Critical Warnings and 0 Errors encountered.
opt_design completed successfully
opt_design: Time (s): cpu = 00:00:16 ; elapsed = 00:00:15 . Memory (MB): peak = 1436.883 ; gain = 741.273
INFO: [Timing 38-480] Writing timing data to binary archive.
INFO: [Common 17-1381] The checkpoint 'C:/Users/David/Desktop/KeyGen-3/KeyGen.runs/impl_2/BIKE_2_top_opt.dcp' has been generated.
INFO: [runtcl-4] Executing : report_drc -file BIKE_2_top_drc_opted.rpt -pb BIKE_2_top_drc_opted.pb -rpx BIKE_2_top_drc_opted.rpx
Command: report_drc -file BIKE_2_top_drc_opted.rpt -pb BIKE_2_top_drc_opted.pb -rpx BIKE_2_top_drc_opted.rpx
INFO: [DRC 23-27] Running DRC with 2 threads
INFO: [Coretcl 2-168] The results of DRC are in file C:/Users/David/Desktop/KeyGen-3/KeyGen.runs/impl_2/BIKE_2_top_drc_opted.rpt.
report_drc completed successfully
Command: place_design -directive ExtraTimingOpt
Attempting to get a license for feature 'Implementation' and/or device 'xc7a75t'
INFO: [Common 17-349] Got license for feature 'Implementation' and/or device 'xc7a75t'
INFO: [DRC 23-27] Running DRC with 2 threads
INFO: [Vivado_Tcl 4-198] DRC finished with 0 Errors
INFO: [Vivado_Tcl 4-199] Please refer to the DRC report (report_drc) for more information.
Running DRC as a precondition to command place_design
INFO: [DRC 23-27] Running DRC with 2 threads
INFO: [Vivado_Tcl 4-198] DRC finished with 0 Errors
INFO: [Vivado_Tcl 4-199] Please refer to the DRC report (report_drc) for more information.

Starting Placer Task
INFO: [Place 46-5] The placer was invoked with the 'ExtraTimingOpt' directive.
INFO: [Place 30-611] Multithreading enabled for place_design using a maximum of 2 CPUs

Phase 1 Placer Initialization

Phase 1.1 Placer Initialization Netlist Sorting
Netlist sorting complete. Time (s): cpu = 00:00:00 ; elapsed = 00:00:00.004 . Memory (MB): peak = 1436.883 ; gain = 0.000
Phase 1.1 Placer Initialization Netlist Sorting | Checksum: 362b6931

Time (s): cpu = 00:00:00 ; elapsed = 00:00:00.011 . Memory (MB): peak = 1436.883 ; gain = 0.000
INFO: [Timing 38-35] Done setting XDC timing constraints.
INFO: [Opt 31-138] Pushed 0 inverter(s) to 0 load pin(s).
Netlist sorting complete. Time (s): cpu = 00:00:00 ; elapsed = 00:00:00.003 . Memory (MB): peak = 1436.883 ; gain = 0.000

Phase 1.2 IO Placement/ Clock Placement/ Build Placer Device
INFO: [Timing 38-35] Done setting XDC timing constraints.
Phase 1.2 IO Placement/ Clock Placement/ Build Placer Device | Checksum: 106cfc282

Time (s): cpu = 00:00:02 ; elapsed = 00:00:02 . Memory (MB): peak = 1436.883 ; gain = 0.000

Phase 1.3 Build Placer Netlist Model
Phase 1.3 Build Placer Netlist Model | Checksum: 14dd7c5d5

Time (s): cpu = 00:00:03 ; elapsed = 00:00:02 . Memory (MB): peak = 1436.883 ; gain = 0.000

Phase 1.4 Constrain Clocks/Macros
Phase 1.4 Constrain Clocks/Macros | Checksum: 14dd7c5d5

Time (s): cpu = 00:00:03 ; elapsed = 00:00:02 . Memory (MB): peak = 1436.883 ; gain = 0.000
Phase 1 Placer Initialization | Checksum: 14dd7c5d5

Time (s): cpu = 00:00:03 ; elapsed = 00:00:02 . Memory (MB): peak = 1436.883 ; gain = 0.000

Phase 2 Global Placement
Phase 2 Global Placement | Checksum: 168f410eb

Time (s): cpu = 00:00:11 ; elapsed = 00:00:06 . Memory (MB): peak = 1436.883 ; gain = 0.000

Phase 3 Detail Placement

Phase 3.1 Commit Multi Column Macros
Phase 3.1 Commit Multi Column Macros | Checksum: 168f410eb

Time (s): cpu = 00:00:11 ; elapsed = 00:00:06 . Memory (MB): peak = 1436.883 ; gain = 0.000

Phase 3.2 Commit Most Macros & LUTRAMs
Phase 3.2 Commit Most Macros & LUTRAMs | Checksum: 7985f09f

Time (s): cpu = 00:00:11 ; elapsed = 00:00:07 . Memory (MB): peak = 1436.883 ; gain = 0.000

Phase 3.3 Area Swap Optimization
Phase 3.3 Area Swap Optimization | Checksum: 112b181fc

Time (s): cpu = 00:00:11 ; elapsed = 00:00:07 . Memory (MB): peak = 1436.883 ; gain = 0.000

Phase 3.4 Pipeline Register Optimization
Phase 3.4 Pipeline Register Optimization | Checksum: 112b181fc

Time (s): cpu = 00:00:11 ; elapsed = 00:00:07 . Memory (MB): peak = 1436.883 ; gain = 0.000

Phase 3.5 Timing Path Optimizer
Phase 3.5 Timing Path Optimizer | Checksum: 112b181fc

Time (s): cpu = 00:00:11 ; elapsed = 00:00:07 . Memory (MB): peak = 1436.883 ; gain = 0.000

Phase 3.6 Fast Optimization
Phase 3.6 Fast Optimization | Checksum: 132cf9bf5

Time (s): cpu = 00:00:12 ; elapsed = 00:00:07 . Memory (MB): peak = 1436.883 ; gain = 0.000

Phase 3.7 Small Shape Detail Placement
Phase 3.7 Small Shape Detail Placement | Checksum: b1d3afbb

Time (s): cpu = 00:00:13 ; elapsed = 00:00:08 . Memory (MB): peak = 1436.883 ; gain = 0.000

Phase 3.8 Re-assign LUT pins
Phase 3.8 Re-assign LUT pins | Checksum: 85375e27

Time (s): cpu = 00:00:13 ; elapsed = 00:00:08 . Memory (MB): peak = 1436.883 ; gain = 0.000

Phase 3.9 Pipeline Register Optimization
Phase 3.9 Pipeline Register Optimization | Checksum: 85375e27

Time (s): cpu = 00:00:13 ; elapsed = 00:00:08 . Memory (MB): peak = 1436.883 ; gain = 0.000

Phase 3.10 Fast Optimization
Phase 3.10 Fast Optimization | Checksum: 1836e8cc7

Time (s): cpu = 00:00:14 ; elapsed = 00:00:09 . Memory (MB): peak = 1436.883 ; gain = 0.000
Phase 3 Detail Placement | Checksum: 1836e8cc7

Time (s): cpu = 00:00:14 ; elapsed = 00:00:09 . Memory (MB): peak = 1436.883 ; gain = 0.000

Phase 4 Post Placement Optimization and Clean-Up

Phase 4.1 Post Commit Optimization
INFO: [Timing 38-35] Done setting XDC timing constraints.

Phase 4.1.1 Post Placement Optimization
Post Placement Optimization Initialization | Checksum: 23d00322e

Phase 4.1.1.1 BUFG Insertion
INFO: [Physopt 32-721] Multithreading enabled for phys_opt_design using a maximum of 2 CPUs
INFO: [Place 46-31] BUFG insertion identified 0 candidate nets, 0 success, 0 skipped for placement/routing, 0 skipped for timing, 0 skipped for netlist change reason.
Phase 4.1.1.1 BUFG Insertion | Checksum: 23d00322e

Time (s): cpu = 00:00:14 ; elapsed = 00:00:09 . Memory (MB): peak = 1436.883 ; gain = 0.000
INFO: [Place 30-746] Post Placement Timing Summary WNS=-0.605. For the most accurate timing information please run report_timing.
Phase 4.1.1 Post Placement Optimization | Checksum: 1ea476acf

Time (s): cpu = 00:01:50 ; elapsed = 00:01:59 . Memory (MB): peak = 1436.883 ; gain = 0.000
Phase 4.1 Post Commit Optimization | Checksum: 1ea476acf

Time (s): cpu = 00:01:50 ; elapsed = 00:01:59 . Memory (MB): peak = 1436.883 ; gain = 0.000
Post Placement Optimization Initialization | Checksum: 1efeb9060
INFO: [Physopt 32-721] Multithreading enabled for phys_opt_design using a maximum of 2 CPUs
INFO: [Place 46-31] BUFG insertion identified 0 candidate nets, 0 success, 0 skipped for placement/routing, 0 skipped for timing, 0 skipped for netlist change reason.
INFO: [Place 30-746] Post Placement Timing Summary WNS=-0.602. For the most accurate timing information please run report_timing.

Phase 4.2 Post Placement Cleanup
Phase 4.2 Post Placement Cleanup | Checksum: 2e3fe85d1

Time (s): cpu = 00:03:27 ; elapsed = 00:03:48 . Memory (MB): peak = 1436.883 ; gain = 0.000

Phase 4.3 Placer Reporting
Phase 4.3 Placer Reporting | Checksum: 2e3fe85d1

Time (s): cpu = 00:03:27 ; elapsed = 00:03:48 . Memory (MB): peak = 1436.883 ; gain = 0.000

Phase 4.4 Final Placement Cleanup
Phase 4.4 Final Placement Cleanup | Checksum: 27bc2ba91

Time (s): cpu = 00:03:27 ; elapsed = 00:03:48 . Memory (MB): peak = 1436.883 ; gain = 0.000
Phase 4 Post Placement Optimization and Clean-Up | Checksum: 27bc2ba91

Time (s): cpu = 00:03:27 ; elapsed = 00:03:48 . Memory (MB): peak = 1436.883 ; gain = 0.000
Ending Placer Task | Checksum: 17d72b7cb

Time (s): cpu = 00:03:27 ; elapsed = 00:03:48 . Memory (MB): peak = 1436.883 ; gain = 0.000
INFO: [Common 17-83] Releasing license: Implementation
57 Infos, 0 Warnings, 0 Critical Warnings and 0 Errors encountered.
place_design completed successfully
place_design: Time (s): cpu = 00:03:28 ; elapsed = 00:03:48 . Memory (MB): peak = 1436.883 ; gain = 0.000
INFO: [Timing 38-480] Writing timing data to binary archive.
Writing placer database...
Writing XDEF routing.
Writing XDEF routing logical nets.
Writing XDEF routing special nets.
Write XDEF Complete: Time (s): cpu = 00:00:01 ; elapsed = 00:00:00.201 . Memory (MB): peak = 1436.883 ; gain = 0.000
INFO: [Common 17-1381] The checkpoint 'C:/Users/David/Desktop/KeyGen-3/KeyGen.runs/impl_2/BIKE_2_top_placed.dcp' has been generated.
INFO: [runtcl-4] Executing : report_io -file BIKE_2_top_io_placed.rpt
report_io: Time (s): cpu = 00:00:00 ; elapsed = 00:00:00.070 . Memory (MB): peak = 1436.883 ; gain = 0.000
INFO: [runtcl-4] Executing : report_utilization -file BIKE_2_top_utilization_placed.rpt -pb BIKE_2_top_utilization_placed.pb
report_utilization: Time (s): cpu = 00:00:00 ; elapsed = 00:00:00.059 . Memory (MB): peak = 1436.883 ; gain = 0.000
INFO: [runtcl-4] Executing : report_control_sets -verbose -file BIKE_2_top_control_sets_placed.rpt
report_control_sets: Time (s): cpu = 00:00:00 ; elapsed = 00:00:00.009 . Memory (MB): peak = 1436.883 ; gain = 0.000
Command: phys_opt_design -directive Explore
Attempting to get a license for feature 'Implementation' and/or device 'xc7a75t'
INFO: [Common 17-349] Got license for feature 'Implementation' and/or device 'xc7a75t'
INFO: [Vivado_Tcl 4-137] Directive used for phys_opt_design is: Explore
Netlist sorting complete. Time (s): cpu = 00:00:00 ; elapsed = 00:00:00.003 . Memory (MB): peak = 1436.883 ; gain = 0.000

Starting Physical Synthesis Task

Phase 1 Physical Synthesis Initialization
INFO: [Physopt 32-721] Multithreading enabled for phys_opt_design using a maximum of 2 CPUs
INFO: [Physopt 32-619] Estimated Timing Summary | WNS=-0.602 | TNS=-18.138 |
Phase 1 Physical Synthesis Initialization | Checksum: 909f5c29

Time (s): cpu = 00:00:02 ; elapsed = 00:00:01 . Memory (MB): peak = 1436.883 ; gain = 0.000
INFO: [Physopt 32-619] Estimated Timing Summary | WNS=-0.602 | TNS=-18.138 |

Phase 2 Fanout Optimization
INFO: [Physopt 32-76] Pass 1. Identified 4 candidate nets for fanout optimization.
INFO: [Physopt 32-572] Net h0_ctrl/h_douta[13]_i_1_n_0 was not replicated.
Resolution: phys_opt_design can be forced to replicate a net driver using the option -force_replication_on_nets <list of net objects>.
INFO: [Physopt 32-572] Net mul0_ctrl/rotate[76]_i_3_n_0 was not replicated.
Resolution: phys_opt_design can be forced to replicate a net driver using the option -force_replication_on_nets <list of net objects>.
INFO: [Physopt 32-572] Net mul0_ctrl/rotate[127]_i_1_n_0 was not replicated.
Resolution: phys_opt_design can be forced to replicate a net driver using the option -force_replication_on_nets <list of net objects>.
INFO: [Physopt 32-572] Net add_ctrl/rotate[61]_i_1__0_n_0 was not replicated.
Resolution: phys_opt_design can be forced to replicate a net driver using the option -force_replication_on_nets <list of net objects>.
INFO: [Physopt 32-232] Optimized 0 net. Created 0 new instance.
INFO: [Physopt 32-775] End 1 Pass. Optimized 0 net or cell. Created 0 new cell, deleted 0 existing cell and moved 0 existing cell
Netlist sorting complete. Time (s): cpu = 00:00:00 ; elapsed = 00:00:00.004 . Memory (MB): peak = 1436.883 ; gain = 0.000
Phase 2 Fanout Optimization | Checksum: 909f5c29

Time (s): cpu = 00:00:03 ; elapsed = 00:00:02 . Memory (MB): peak = 1436.883 ; gain = 0.000

Phase 3 Placement Based Optimization
INFO: [Physopt 32-660] Identified 81 candidate nets for placement-based optimization.
INFO: [Physopt 32-662] Processed net h0_ctrl/h_douta[13]_i_1_n_0.  Did not re-place instance h0_ctrl/h_douta[13]_i_1
INFO: [Physopt 32-662] Processed net h0_ctrl/h_doutb[13]_i_1__0_n_0.  Did not re-place instance h0_ctrl/h_doutb[13]_i_1__0
INFO: [Physopt 32-663] Processed net h0_ctrl/cnt[0]_i_4_n_0.  Re-placed instance h0_ctrl/cnt[0]_i_4
INFO: [Physopt 32-662] Processed net h0_ctrl/done5_carry_i_3_n_0.  Did not re-place instance h0_ctrl/done5_carry_i_3
INFO: [Physopt 32-662] Processed net h0_ctrl/h0_ctrl_doutb[3].  Did not re-place instance h0_ctrl/h_doutb_reg[3]
INFO: [Physopt 32-662] Processed net h0_ctrl/h0_ctrl_doutb[6].  Did not re-place instance h0_ctrl/h_doutb_reg[6]
INFO: [Physopt 32-662] Processed net h0_ctrl/h0_ctrl_doutb[7].  Did not re-place instance h0_ctrl/h_doutb_reg[7]
INFO: [Physopt 32-662] Processed net h0_ctrl/h0_ctrl_doutb[8].  Did not re-place instance h0_ctrl/h_doutb_reg[8]
INFO: [Physopt 32-662] Processed net h0_ctrl/done5_carry_i_4_n_0.  Did not re-place instance h0_ctrl/done5_carry_i_4
INFO: [Physopt 32-662] Processed net h0_ctrl/h0_ctrl_doutb[11].  Did not re-place instance h0_ctrl/h_doutb_reg[11]
INFO: [Physopt 32-662] Processed net h0_ctrl/h0_ctrl_doutb[4].  Did not re-place instance h0_ctrl/h_doutb_reg[4]
INFO: [Physopt 32-662] Processed net h0_ctrl/h0_ctrl_doutb[5].  Did not re-place instance h0_ctrl/h_doutb_reg[5]
INFO: [Physopt 32-662] Processed net h0_ctrl/h0_ctrl_doutb[9].  Did not re-place instance h0_ctrl/h_doutb_reg[9]
INFO: [Physopt 32-662] Processed net h0_ctrl/h0_ctrl_doutb[0].  Did not re-place instance h0_ctrl/h_doutb_reg[0]
INFO: [Physopt 32-662] Processed net h0_ctrl/h0_ctrl_doutb[10].  Did not re-place instance h0_ctrl/h_doutb_reg[10]
INFO: [Physopt 32-662] Processed net h0_ctrl/h0_ctrl_doutb[12].  Did not re-place instance h0_ctrl/h_doutb_reg[12]
INFO: [Physopt 32-662] Processed net h0_ctrl/h0_ctrl_doutb[13].  Did not re-place instance h0_ctrl/h_doutb_reg[13]
INFO: [Physopt 32-662] Processed net h0_ctrl/h0_ctrl_doutb[1].  Did not re-place instance h0_ctrl/h_doutb_reg[1]
INFO: [Physopt 32-662] Processed net h0_ctrl/h0_ctrl_doutb[2].  Did not re-place instance h0_ctrl/h_doutb_reg[2]
INFO: [Physopt 32-662] Processed net h0_ctrl/done5_carry_i_2_n_0.  Did not re-place instance h0_ctrl/done5_carry_i_2
INFO: [Physopt 32-662] Processed net h0_ctrl/done5_carry_i_1_n_0.  Did not re-place instance h0_ctrl/done5_carry_i_1
INFO: [Physopt 32-662] Processed net h0_ctrl/i__carry_i_3_n_0.  Did not re-place instance h0_ctrl/i__carry_i_3
INFO: [Physopt 32-662] Processed net h0_ctrl/entry_num[6]_i_1_n_0.  Did not re-place instance h0_ctrl/entry_num[6]_i_1
INFO: [Physopt 32-662] Processed net h0_ctrl/p_0_in[2].  Did not re-place instance h0_ctrl/entry_num_reg[3]
INFO: [Physopt 32-662] Processed net h0_ctrl/p_0_in[3].  Did not re-place instance h0_ctrl/entry_num_reg[4]
INFO: [Physopt 32-662] Processed net h0_ctrl/entry_num_reg_n_0_[0].  Did not re-place instance h0_ctrl/entry_num_reg[0]
INFO: [Physopt 32-662] Processed net h0_ctrl/p_0_in[0].  Did not re-place instance h0_ctrl/entry_num_reg[1]
INFO: [Physopt 32-662] Processed net h0_ctrl/p_0_in[5].  Did not re-place instance h0_ctrl/entry_num_reg[6]
INFO: [Physopt 32-662] Processed net h0_ctrl/done6_carry_i_3_n_0.  Did not re-place instance h0_ctrl/done6_carry_i_3
INFO: [Physopt 32-662] Processed net h0_ctrl/done6_carry_i_4_n_0.  Did not re-place instance h0_ctrl/done6_carry_i_4
INFO: [Physopt 32-662] Processed net h1_ctrl/h_doutb[13]_i_1_n_0.  Did not re-place instance h1_ctrl/h_doutb[13]_i_1
INFO: [Physopt 32-662] Processed net h1_ctrl/entry_num[6]_i_4_n_0.  Did not re-place instance h1_ctrl/entry_num[6]_i_4
INFO: [Physopt 32-662] Processed net h1_ctrl/cnt[0]_i_4__0_n_0.  Did not re-place instance h1_ctrl/cnt[0]_i_4__0
INFO: [Physopt 32-662] Processed net h1_ctrl/i__carry_i_4__0_n_0.  Did not re-place instance h1_ctrl/i__carry_i_4__0
INFO: [Physopt 32-662] Processed net h1_ctrl/h1_ctrl_doutb[0].  Did not re-place instance h1_ctrl/h_doutb_reg[0]
INFO: [Physopt 32-662] Processed net h1_ctrl/h1_ctrl_doutb[11].  Did not re-place instance h1_ctrl/h_doutb_reg[11]
INFO: [Physopt 32-662] Processed net h1_ctrl/h1_ctrl_doutb[12].  Did not re-place instance h1_ctrl/h_doutb_reg[12]
INFO: [Physopt 32-662] Processed net h1_ctrl/h1_ctrl_doutb[13].  Did not re-place instance h1_ctrl/h_doutb_reg[13]
INFO: [Physopt 32-662] Processed net h1_ctrl/h1_ctrl_doutb[5].  Did not re-place instance h1_ctrl/h_doutb_reg[5]
INFO: [Physopt 32-662] Processed net h1_ctrl/h1_ctrl_doutb[8].  Did not re-place instance h1_ctrl/h_doutb_reg[8]
INFO: [Physopt 32-662] Processed net h0_ctrl/i__carry_i_4_n_0.  Did not re-place instance h0_ctrl/i__carry_i_4
INFO: [Physopt 32-662] Processed net h0_ctrl/done4_carry_i_3_n_0.  Did not re-place instance h0_ctrl/done4_carry_i_3
INFO: [Physopt 32-662] Processed net h0_ctrl/done4_carry_i_4_n_0.  Did not re-place instance h0_ctrl/done4_carry_i_4
INFO: [Physopt 32-662] Processed net h0_ctrl/i__carry_i_2_n_0.  Did not re-place instance h0_ctrl/i__carry_i_2
INFO: [Physopt 32-662] Processed net h1_ctrl/done5_carry_i_3__0_n_0.  Did not re-place instance h1_ctrl/done5_carry_i_3__0
INFO: [Physopt 32-662] Processed net h1_ctrl/i__carry_i_3__0_n_0.  Did not re-place instance h1_ctrl/i__carry_i_3__0
INFO: [Physopt 32-662] Processed net h0_ctrl/done4_carry_i_2_n_0.  Did not re-place instance h0_ctrl/done4_carry_i_2
INFO: [Physopt 32-662] Processed net h1_ctrl/done5_carry_i_4__0_n_0.  Did not re-place instance h1_ctrl/done5_carry_i_4__0
INFO: [Physopt 32-662] Processed net h1_ctrl/h1_ctrl_doutb[10].  Did not re-place instance h1_ctrl/h_doutb_reg[10]
INFO: [Physopt 32-662] Processed net h1_ctrl/h1_ctrl_doutb[1].  Did not re-place instance h1_ctrl/h_doutb_reg[1]
INFO: [Physopt 32-662] Processed net h1_ctrl/h1_ctrl_doutb[2].  Did not re-place instance h1_ctrl/h_doutb_reg[2]
INFO: [Physopt 32-662] Processed net h1_ctrl/h1_ctrl_doutb[3].  Did not re-place instance h1_ctrl/h_doutb_reg[3]
INFO: [Physopt 32-662] Processed net h1_ctrl/h1_ctrl_doutb[4].  Did not re-place instance h1_ctrl/h_doutb_reg[4]
INFO: [Physopt 32-662] Processed net h1_ctrl/h1_ctrl_doutb[6].  Did not re-place instance h1_ctrl/h_doutb_reg[6]
INFO: [Physopt 32-662] Processed net h1_ctrl/h1_ctrl_doutb[7].  Did not re-place instance h1_ctrl/h_doutb_reg[7]
INFO: [Physopt 32-662] Processed net h1_ctrl/h1_ctrl_doutb[9].  Did not re-place instance h1_ctrl/h_doutb_reg[9]
INFO: [Physopt 32-662] Processed net h1_ctrl/i__carry_i_1__0_n_0.  Did not re-place instance h1_ctrl/i__carry_i_1__0
INFO: [Physopt 32-662] Processed net h1_ctrl/entry_num[6]_i_1__0_n_0.  Did not re-place instance h1_ctrl/entry_num[6]_i_1__0
INFO: [Physopt 32-662] Processed net h1_ctrl/p_0_in[2].  Did not re-place instance h1_ctrl/entry_num_reg[3]
INFO: [Physopt 32-662] Processed net h1_ctrl/p_0_in[0].  Did not re-place instance h1_ctrl/entry_num_reg[1]
INFO: [Physopt 32-662] Processed net h1_ctrl/entry_num_reg_n_0_[0].  Did not re-place instance h1_ctrl/entry_num_reg[0]
INFO: [Physopt 32-662] Processed net h1_ctrl/p_0_in[3].  Did not re-place instance h1_ctrl/entry_num_reg[4]
INFO: [Physopt 32-662] Processed net h1_ctrl/p_0_in[5].  Did not re-place instance h1_ctrl/entry_num_reg[6]
INFO: [Physopt 32-662] Processed net mul0_ctrl/rotate[76]_i_3_n_0.  Did not re-place instance mul0_ctrl/rotate[76]_i_3
INFO: [Physopt 32-663] Processed net mul0_ctrl/g_addra[7]_i_11_n_0.  Re-placed instance mul0_ctrl/g_addra[7]_i_11
INFO: [Physopt 32-662] Processed net mul0_ctrl/rotate[23]_i_1_n_0.  Did not re-place instance mul0_ctrl/rotate[23]_i_1
INFO: [Physopt 32-662] Processed net mul0_ctrl/in30[23].  Did not re-place instance mul0_ctrl/rotate_reg[23]
INFO: [Physopt 32-662] Processed net h1_ctrl/i__carry_i_2__0_n_0.  Did not re-place instance h1_ctrl/i__carry_i_2__0
INFO: [Physopt 32-662] Processed net h0_ctrl/done6_carry_i_1_n_0.  Did not re-place instance h0_ctrl/done6_carry_i_1
INFO: [Physopt 32-662] Processed net h0_ctrl/done6_carry_i_2_n_0.  Did not re-place instance h0_ctrl/done6_carry_i_2
INFO: [Physopt 32-662] Processed net h0_ctrl/i__carry_i_1_n_0.  Did not re-place instance h0_ctrl/i__carry_i_1
INFO: [Physopt 32-663] Processed net h0_ctrl/h0_ctrl_done.  Re-placed instance h0_ctrl/done_reg
INFO: [Physopt 32-663] Processed net h0_ctrl/h0_ctrl_douta[4].  Re-placed instance h0_ctrl/h_douta_reg[4]
INFO: [Physopt 32-663] Processed net h0_ctrl/h0_ctrl_douta[7].  Re-placed instance h0_ctrl/h_douta_reg[7]
INFO: [Physopt 32-663] Processed net h0_ctrl/h0_ctrl_douta[8].  Re-placed instance h0_ctrl/h_douta_reg[8]
INFO: [Physopt 32-663] Processed net h0_ctrl/h0_ctrl_douta[9].  Re-placed instance h0_ctrl/h_douta_reg[9]
INFO: [Physopt 32-662] Processed net h0_ctrl/h_addrb[2]_i_1_n_0.  Did not re-place instance h0_ctrl/h_addrb[2]_i_1
INFO: [Physopt 32-662] Processed net h0_ctrl/h0_ctrl_addrb[2].  Did not re-place instance h0_ctrl/h_addrb_reg[2]
INFO: [Physopt 32-662] Processed net h0_ctrl/done4_carry_i_1_n_0.  Did not re-place instance h0_ctrl/done4_carry_i_1
INFO: [Physopt 32-662] Processed net mul0_ctrl/rotate[74]_i_1_n_0.  Did not re-place instance mul0_ctrl/rotate[74]_i_1
INFO: [Physopt 32-662] Processed net mul0_ctrl/p_0_in[10].  Did not re-place instance mul0_ctrl/rotate_reg[74]
INFO: [Physopt 32-661] Optimized 7 nets.  Re-placed 7 instances.
INFO: [Physopt 32-775] End 1 Pass. Optimized 7 nets or cells. Created 0 new cell, deleted 0 existing cell and moved 7 existing cells
INFO: [Physopt 32-619] Estimated Timing Summary | WNS=-0.591 | TNS=-16.465 |
Netlist sorting complete. Time (s): cpu = 00:00:00 ; elapsed = 00:00:00.004 . Memory (MB): peak = 1436.883 ; gain = 0.000
Phase 3 Placement Based Optimization | Checksum: 10482b4fb

Time (s): cpu = 00:00:06 ; elapsed = 00:00:04 . Memory (MB): peak = 1436.883 ; gain = 0.000

Phase 4 Rewire
INFO: [Physopt 32-246] Starting Signal Push optimization...
INFO: [Physopt 32-77] Pass 1. Identified 1 candidate net for rewire optimization.
INFO: [Physopt 32-134] Processed net h0_ctrl/cnt[0]_i_4_n_0. Rewiring did not optimize the net.
INFO: [Physopt 32-232] Optimized 0 net. Created 0 new instance.
INFO: [Physopt 32-775] End 1 Pass. Optimized 0 net or cell. Created 0 new cell, deleted 0 existing cell and moved 0 existing cell
Netlist sorting complete. Time (s): cpu = 00:00:00 ; elapsed = 00:00:00.004 . Memory (MB): peak = 1436.883 ; gain = 0.000
Netlist sorting complete. Time (s): cpu = 00:00:00 ; elapsed = 00:00:00.003 . Memory (MB): peak = 1436.883 ; gain = 0.000
Phase 4 Rewire | Checksum: 994ffdf7

Time (s): cpu = 00:00:06 ; elapsed = 00:00:04 . Memory (MB): peak = 1436.883 ; gain = 0.000

Phase 5 Critical Cell Optimization
INFO: [Physopt 32-46] Identified 6 candidate nets for critical-cell optimization.
INFO: [Physopt 32-572] Net h0_ctrl/h_doutb[13]_i_1__0_n_0 was not replicated.
Resolution: phys_opt_design can be forced to replicate a net driver using the option -force_replication_on_nets <list of net objects>.
INFO: [Physopt 32-572] Net h0_ctrl/cnt[0]_i_4_n_0 was not replicated.
Resolution: phys_opt_design can be forced to replicate a net driver using the option -force_replication_on_nets <list of net objects>.
INFO: [Physopt 32-572] Net h0_ctrl/entry_num[6]_i_1_n_0 was not replicated.
Resolution: phys_opt_design can be forced to replicate a net driver using the option -force_replication_on_nets <list of net objects>.
INFO: [Physopt 32-572] Net h1_ctrl/h_doutb[13]_i_1_n_0 was not replicated.
Resolution: phys_opt_design can be forced to replicate a net driver using the option -force_replication_on_nets <list of net objects>.
INFO: [Physopt 32-81] Processed net h1_ctrl/entry_num[6]_i_4_n_0. Replicated 1 times.
INFO: [Physopt 32-81] Processed net h1_ctrl/cnt[0]_i_4__0_n_0. Replicated 1 times.
INFO: [Physopt 32-232] Optimized 2 nets. Created 2 new instances.
INFO: [Physopt 32-775] End 1 Pass. Optimized 2 nets or cells. Created 2 new cells, deleted 0 existing cell and moved 0 existing cell
INFO: [Physopt 32-619] Estimated Timing Summary | WNS=-0.591 | TNS=-19.324 |
Netlist sorting complete. Time (s): cpu = 00:00:00 ; elapsed = 00:00:00.005 . Memory (MB): peak = 1436.883 ; gain = 0.000
Phase 5 Critical Cell Optimization | Checksum: 12abe434d

Time (s): cpu = 00:00:07 ; elapsed = 00:00:04 . Memory (MB): peak = 1436.883 ; gain = 0.000

Phase 6 Fanout Optimization
INFO: [Physopt 32-76] Pass 1. Identified 3 candidate nets for fanout optimization.
INFO: [Physopt 32-572] Net h0_ctrl/h_douta[13]_i_1_n_0 was not replicated.
Resolution: phys_opt_design can be forced to replicate a net driver using the option -force_replication_on_nets <list of net objects>.
INFO: [Physopt 32-572] Net mul0_ctrl/offset_reg[5]_i_5_n_0 was not replicated.
Resolution: phys_opt_design can be forced to replicate a net driver using the option -force_replication_on_nets <list of net objects>.
INFO: [Physopt 32-572] Net mul0_ctrl/rotate[76]_i_3_n_0 was not replicated.
Resolution: phys_opt_design can be forced to replicate a net driver using the option -force_replication_on_nets <list of net objects>.
INFO: [Physopt 32-232] Optimized 0 net. Created 0 new instance.
INFO: [Physopt 32-775] End 1 Pass. Optimized 0 net or cell. Created 0 new cell, deleted 0 existing cell and moved 0 existing cell
Netlist sorting complete. Time (s): cpu = 00:00:00 ; elapsed = 00:00:00.004 . Memory (MB): peak = 1436.883 ; gain = 0.000
Phase 6 Fanout Optimization | Checksum: 12e68aa2d

Time (s): cpu = 00:00:07 ; elapsed = 00:00:05 . Memory (MB): peak = 1436.883 ; gain = 0.000

Phase 7 Placement Based Optimization
INFO: [Physopt 32-660] Identified 123 candidate nets for placement-based optimization.
INFO: [Physopt 32-662] Processed net h0_ctrl/h_douta[13]_i_1_n_0.  Did not re-place instance h0_ctrl/h_douta[13]_i_1
INFO: [Physopt 32-662] Processed net h0_ctrl/h_doutb[13]_i_1__0_n_0.  Did not re-place instance h0_ctrl/h_doutb[13]_i_1__0
INFO: [Physopt 32-662] Processed net h0_ctrl/cnt[0]_i_4_n_0.  Did not re-place instance h0_ctrl/cnt[0]_i_4
INFO: [Physopt 32-662] Processed net h0_ctrl/i__carry_i_3_n_0.  Did not re-place instance h0_ctrl/i__carry_i_3
INFO: [Physopt 32-663] Processed net h0_ctrl/h0_ctrl_doutb[3].  Re-placed instance h0_ctrl/h_doutb_reg[3]
INFO: [Physopt 32-663] Processed net h0_ctrl/h0_ctrl_doutb[6].  Re-placed instance h0_ctrl/h_doutb_reg[6]
INFO: [Physopt 32-663] Processed net h0_ctrl/h0_ctrl_doutb[7].  Re-placed instance h0_ctrl/h_doutb_reg[7]
INFO: [Physopt 32-663] Processed net h0_ctrl/h0_ctrl_doutb[8].  Re-placed instance h0_ctrl/h_doutb_reg[8]
INFO: [Physopt 32-662] Processed net h0_ctrl/done5_carry_i_3_n_0.  Did not re-place instance h0_ctrl/done5_carry_i_3
INFO: [Physopt 32-662] Processed net h0_ctrl/done5_carry_i_4_n_0.  Did not re-place instance h0_ctrl/done5_carry_i_4
INFO: [Physopt 32-662] Processed net h0_ctrl/h0_ctrl_doutb[11].  Did not re-place instance h0_ctrl/h_doutb_reg[11]
INFO: [Physopt 32-662] Processed net h0_ctrl/h0_ctrl_doutb[4].  Did not re-place instance h0_ctrl/h_doutb_reg[4]
INFO: [Physopt 32-662] Processed net h0_ctrl/h0_ctrl_doutb[5].  Did not re-place instance h0_ctrl/h_doutb_reg[5]
INFO: [Physopt 32-662] Processed net h0_ctrl/h0_ctrl_doutb[9].  Did not re-place instance h0_ctrl/h_doutb_reg[9]
INFO: [Physopt 32-662] Processed net h0_ctrl/h0_ctrl_doutb[0].  Did not re-place instance h0_ctrl/h_doutb_reg[0]
INFO: [Physopt 32-662] Processed net h0_ctrl/h0_ctrl_doutb[10].  Did not re-place instance h0_ctrl/h_doutb_reg[10]
INFO: [Physopt 32-662] Processed net h0_ctrl/h0_ctrl_doutb[12].  Did not re-place instance h0_ctrl/h_doutb_reg[12]
INFO: [Physopt 32-662] Processed net h0_ctrl/h0_ctrl_doutb[13].  Did not re-place instance h0_ctrl/h_doutb_reg[13]
INFO: [Physopt 32-662] Processed net h0_ctrl/h0_ctrl_doutb[1].  Did not re-place instance h0_ctrl/h_doutb_reg[1]
INFO: [Physopt 32-662] Processed net h0_ctrl/h0_ctrl_doutb[2].  Did not re-place instance h0_ctrl/h_doutb_reg[2]
INFO: [Physopt 32-662] Processed net h0_ctrl/done5_carry_i_2_n_0.  Did not re-place instance h0_ctrl/done5_carry_i_2
INFO: [Physopt 32-662] Processed net h0_ctrl/i__carry_i_4_n_0.  Did not re-place instance h0_ctrl/i__carry_i_4
INFO: [Physopt 32-662] Processed net h0_ctrl/done5_carry_i_1_n_0.  Did not re-place instance h0_ctrl/done5_carry_i_1
INFO: [Physopt 32-662] Processed net h0_ctrl/i__carry_i_2_n_0.  Did not re-place instance h0_ctrl/i__carry_i_2
INFO: [Physopt 32-662] Processed net h0_ctrl/done6_carry_i_3_n_0.  Did not re-place instance h0_ctrl/done6_carry_i_3
INFO: [Physopt 32-662] Processed net h0_ctrl/done6_carry_i_4_n_0.  Did not re-place instance h0_ctrl/done6_carry_i_4
INFO: [Physopt 32-662] Processed net h0_ctrl/entry_num[6]_i_1_n_0.  Did not re-place instance h0_ctrl/entry_num[6]_i_1
INFO: [Physopt 32-662] Processed net h0_ctrl/p_0_in[2].  Did not re-place instance h0_ctrl/entry_num_reg[3]
INFO: [Physopt 32-662] Processed net h0_ctrl/p_0_in[3].  Did not re-place instance h0_ctrl/entry_num_reg[4]
INFO: [Physopt 32-662] Processed net h0_ctrl/entry_num_reg_n_0_[0].  Did not re-place instance h0_ctrl/entry_num_reg[0]
INFO: [Physopt 32-662] Processed net h0_ctrl/p_0_in[0].  Did not re-place instance h0_ctrl/entry_num_reg[1]
INFO: [Physopt 32-662] Processed net h0_ctrl/p_0_in[5].  Did not re-place instance h0_ctrl/entry_num_reg[6]
INFO: [Physopt 32-662] Processed net h0_ctrl/i__carry_i_1_n_0.  Did not re-place instance h0_ctrl/i__carry_i_1
INFO: [Physopt 32-662] Processed net h1_ctrl/entry_num[6]_i_1__0_n_0.  Did not re-place instance h1_ctrl/entry_num[6]_i_1__0
INFO: [Physopt 32-662] Processed net h1_ctrl/cnt[0]_i_4__0_n_0_repN.  Did not re-place instance h1_ctrl/cnt[0]_i_4__0_replica
INFO: [Physopt 32-662] Processed net h1_ctrl/entry_num[6]_i_4_n_0_repN.  Did not re-place instance h1_ctrl/entry_num[6]_i_4_replica
INFO: [Physopt 32-662] Processed net h1_ctrl/done5_carry_i_3__0_n_0.  Did not re-place instance h1_ctrl/done5_carry_i_3__0
INFO: [Physopt 32-662] Processed net h1_ctrl/p_0_in[0].  Did not re-place instance h1_ctrl/entry_num_reg[1]
INFO: [Physopt 32-662] Processed net h1_ctrl/entry_num_reg_n_0_[0].  Did not re-place instance h1_ctrl/entry_num_reg[0]
INFO: [Physopt 32-662] Processed net h1_ctrl/p_0_in[2].  Did not re-place instance h1_ctrl/entry_num_reg[3]
INFO: [Physopt 32-662] Processed net h1_ctrl/p_0_in[3].  Did not re-place instance h1_ctrl/entry_num_reg[4]
INFO: [Physopt 32-662] Processed net h1_ctrl/p_0_in[5].  Did not re-place instance h1_ctrl/entry_num_reg[6]
INFO: [Physopt 32-662] Processed net h1_ctrl/done5_carry_i_4__0_n_0.  Did not re-place instance h1_ctrl/done5_carry_i_4__0
INFO: [Physopt 32-662] Processed net h1_ctrl/i__carry_i_4__0_n_0.  Did not re-place instance h1_ctrl/i__carry_i_4__0
INFO: [Physopt 32-662] Processed net h1_ctrl/h_doutb[13]_i_1_n_0.  Did not re-place instance h1_ctrl/h_doutb[13]_i_1
INFO: [Physopt 32-662] Processed net h1_ctrl/h1_ctrl_doutb[0].  Did not re-place instance h1_ctrl/h_doutb_reg[0]
INFO: [Physopt 32-662] Processed net h1_ctrl/h1_ctrl_doutb[11].  Did not re-place instance h1_ctrl/h_doutb_reg[11]
INFO: [Physopt 32-662] Processed net h1_ctrl/h1_ctrl_doutb[12].  Did not re-place instance h1_ctrl/h_doutb_reg[12]
INFO: [Physopt 32-662] Processed net h1_ctrl/h1_ctrl_doutb[13].  Did not re-place instance h1_ctrl/h_doutb_reg[13]
INFO: [Physopt 32-662] Processed net h1_ctrl/h1_ctrl_doutb[5].  Did not re-place instance h1_ctrl/h_doutb_reg[5]
INFO: [Physopt 32-662] Processed net h1_ctrl/h1_ctrl_doutb[8].  Did not re-place instance h1_ctrl/h_doutb_reg[8]
INFO: [Physopt 32-662] Processed net h0_ctrl/done4_carry_i_3_n_0.  Did not re-place instance h0_ctrl/done4_carry_i_3
INFO: [Physopt 32-662] Processed net h0_ctrl/done4_carry_i_4_n_0.  Did not re-place instance h0_ctrl/done4_carry_i_4
INFO: [Physopt 32-662] Processed net h1_ctrl/i__carry_i_3__0_n_0.  Did not re-place instance h1_ctrl/i__carry_i_3__0
INFO: [Physopt 32-662] Processed net h1_ctrl/h1_ctrl_doutb[10].  Did not re-place instance h1_ctrl/h_doutb_reg[10]
INFO: [Physopt 32-662] Processed net h1_ctrl/h1_ctrl_doutb[1].  Did not re-place instance h1_ctrl/h_doutb_reg[1]
INFO: [Physopt 32-662] Processed net h1_ctrl/h1_ctrl_doutb[2].  Did not re-place instance h1_ctrl/h_doutb_reg[2]
INFO: [Physopt 32-662] Processed net h1_ctrl/h1_ctrl_doutb[3].  Did not re-place instance h1_ctrl/h_doutb_reg[3]
INFO: [Physopt 32-662] Processed net h1_ctrl/h1_ctrl_doutb[4].  Did not re-place instance h1_ctrl/h_doutb_reg[4]
INFO: [Physopt 32-662] Processed net h1_ctrl/h1_ctrl_doutb[6].  Did not re-place instance h1_ctrl/h_doutb_reg[6]
INFO: [Physopt 32-662] Processed net h1_ctrl/h1_ctrl_doutb[7].  Did not re-place instance h1_ctrl/h_doutb_reg[7]
INFO: [Physopt 32-662] Processed net h1_ctrl/h1_ctrl_doutb[9].  Did not re-place instance h1_ctrl/h_doutb_reg[9]
INFO: [Physopt 32-662] Processed net h1_ctrl/i__carry_i_1__0_n_0.  Did not re-place instance h1_ctrl/i__carry_i_1__0
INFO: [Physopt 32-662] Processed net h0_ctrl/done4_carry_i_2_n_0.  Did not re-place instance h0_ctrl/done4_carry_i_2
INFO: [Physopt 32-662] Processed net h1_ctrl/done5_carry_i_1__0_n_0.  Did not re-place instance h1_ctrl/done5_carry_i_1__0
INFO: [Physopt 32-662] Processed net h1_ctrl/done5_carry_i_2__0_n_0.  Did not re-place instance h1_ctrl/done5_carry_i_2__0
INFO: [Physopt 32-662] Processed net h1_ctrl/done6_carry_i_3__0_n_0.  Did not re-place instance h1_ctrl/done6_carry_i_3__0
INFO: [Physopt 32-662] Processed net h1_ctrl/h_douta[13]_i_1__0_n_0.  Did not re-place instance h1_ctrl/h_douta[13]_i_1__0
INFO: [Physopt 32-662] Processed net h1_ctrl/entry_num[6]_i_4_n_0.  Did not re-place instance h1_ctrl/entry_num[6]_i_4
INFO: [Physopt 32-662] Processed net h1_ctrl/cnt[0]_i_4__0_n_0.  Did not re-place instance h1_ctrl/cnt[0]_i_4__0
INFO: [Physopt 32-662] Processed net h1_ctrl/h1_ctrl_douta[10].  Did not re-place instance h1_ctrl/h_douta_reg[10]
INFO: [Physopt 32-662] Processed net h1_ctrl/h1_ctrl_douta[11].  Did not re-place instance h1_ctrl/h_douta_reg[11]
INFO: [Physopt 32-662] Processed net h1_ctrl/h1_ctrl_douta[12].  Did not re-place instance h1_ctrl/h_douta_reg[12]
INFO: [Physopt 32-662] Processed net h1_ctrl/h1_ctrl_douta[13].  Did not re-place instance h1_ctrl/h_douta_reg[13]
INFO: [Physopt 32-662] Processed net h1_ctrl/h1_ctrl_douta[1].  Did not re-place instance h1_ctrl/h_douta_reg[1]
INFO: [Physopt 32-662] Processed net h1_ctrl/h1_ctrl_douta[2].  Did not re-place instance h1_ctrl/h_douta_reg[2]
INFO: [Physopt 32-662] Processed net h1_ctrl/h1_ctrl_douta[9].  Did not re-place instance h1_ctrl/h_douta_reg[9]
INFO: [Physopt 32-662] Processed net h1_ctrl/i__carry_i_2__0_n_0.  Did not re-place instance h1_ctrl/i__carry_i_2__0
INFO: [Physopt 32-662] Processed net h1_ctrl/h1_ctrl_douta[0].  Did not re-place instance h1_ctrl/h_douta_reg[0]
INFO: [Physopt 32-662] Processed net h1_ctrl/h1_ctrl_douta[3].  Did not re-place instance h1_ctrl/h_douta_reg[3]
INFO: [Physopt 32-662] Processed net h1_ctrl/h1_ctrl_douta[4].  Did not re-place instance h1_ctrl/h_douta_reg[4]
INFO: [Physopt 32-662] Processed net h1_ctrl/h1_ctrl_douta[5].  Did not re-place instance h1_ctrl/h_douta_reg[5]
INFO: [Physopt 32-662] Processed net h1_ctrl/h1_ctrl_douta[6].  Did not re-place instance h1_ctrl/h_douta_reg[6]
INFO: [Physopt 32-662] Processed net h1_ctrl/h1_ctrl_douta[7].  Did not re-place instance h1_ctrl/h_douta_reg[7]
INFO: [Physopt 32-662] Processed net h1_ctrl/h1_ctrl_douta[8].  Did not re-place instance h1_ctrl/h_douta_reg[8]
INFO: [Physopt 32-662] Processed net h1_ctrl/done6_carry_i_4__0_n_0.  Did not re-place instance h1_ctrl/done6_carry_i_4__0
INFO: [Physopt 32-662] Processed net h0_ctrl/done6_carry_i_1_n_0.  Did not re-place instance h0_ctrl/done6_carry_i_1
INFO: [Physopt 32-662] Processed net h0_ctrl/done6_carry_i_2_n_0.  Did not re-place instance h0_ctrl/done6_carry_i_2
INFO: [Physopt 32-662] Processed net h1_ctrl/h_addra[3]_i_1__1_n_0.  Did not re-place instance h1_ctrl/h_addra[3]_i_1__1
INFO: [Physopt 32-662] Processed net h1_ctrl/Q[2].  Did not re-place instance h1_ctrl/h_addra_reg[3]
INFO: [Physopt 32-662] Processed net h1_ctrl/h_addra[2]_i_1__1_n_0.  Did not re-place instance h1_ctrl/h_addra[2]_i_1__1
INFO: [Physopt 32-662] Processed net h1_ctrl/Q[1].  Did not re-place instance h1_ctrl/h_addra_reg[2]
INFO: [Physopt 32-662] Processed net h0_ctrl/done4_carry_i_1_n_0.  Did not re-place instance h0_ctrl/done4_carry_i_1
INFO: [Physopt 32-663] Processed net h0_ctrl/done_i_1__1_n_0.  Re-placed instance h0_ctrl/h_addrb[6]_i_2
INFO: [Physopt 32-663] Processed net h0_ctrl/h_addrb[6]_i_4_n_0.  Re-placed instance h0_ctrl/h_addrb[6]_i_4
INFO: [Physopt 32-662] Processed net h0_ctrl/h_addrb[2]_i_1_n_0.  Did not re-place instance h0_ctrl/h_addrb[2]_i_1
INFO: [Physopt 32-662] Processed net h0_ctrl/h0_ctrl_addrb[2].  Did not re-place instance h0_ctrl/h_addrb_reg[2]
INFO: [Physopt 32-663] Processed net h1_ctrl/cnt[5]_i_1__0_n_0.  Re-placed instance h1_ctrl/cnt[5]_i_1__0
INFO: [Physopt 32-662] Processed net h1_ctrl/cnt_reg_n_0_[1].  Did not re-place instance h1_ctrl/cnt_reg[1]
INFO: [Physopt 32-662] Processed net h1_ctrl/cnt_reg_n_0_[2].  Did not re-place instance h1_ctrl/cnt_reg[2]
INFO: [Physopt 32-662] Processed net h1_ctrl/cnt_reg_n_0_[3].  Did not re-place instance h1_ctrl/cnt_reg[3]
INFO: [Physopt 32-662] Processed net h1_ctrl/cnt_reg_n_0_[4].  Did not re-place instance h1_ctrl/cnt_reg[4]
INFO: [Physopt 32-662] Processed net h1_ctrl/cnt_reg_n_0_[5].  Did not re-place instance h1_ctrl/cnt_reg[5]
INFO: [Physopt 32-663] Processed net h1_ctrl/entry_num[6]_i_2__0_n_0.  Re-placed instance h1_ctrl/entry_num[6]_i_2__0
INFO: [Physopt 32-662] Processed net mul0_ctrl/rotate[127]_i_1_n_0.  Did not re-place instance mul0_ctrl/rotate[127]_i_1
INFO: [Physopt 32-662] Processed net mul0_ctrl/ld_done_i_2_n_0.  Did not re-place instance mul0_ctrl/ld_done_i_2
INFO: [Physopt 32-662] Processed net mul0_ctrl/ld_done_i_5_n_0.  Did not re-place instance mul0_ctrl/ld_done_i_5
INFO: [Physopt 32-663] Processed net mul0_ctrl/in30[59].  Re-placed instance mul0_ctrl/rotate_reg[59]
INFO: [Physopt 32-662] Processed net mul0_ctrl/p_0_in[11].  Did not re-place instance mul0_ctrl/rotate_reg[75]
INFO: [Physopt 32-663] Processed net mul0_ctrl/p_0_in[18].  Re-placed instance mul0_ctrl/rotate_reg[82]
INFO: [Physopt 32-662] Processed net mul0_ctrl/p_0_in[7].  Did not re-place instance mul0_ctrl/rotate_reg[71]
INFO: [Physopt 32-663] Processed net mul0_ctrl/offset_reg[5]_i_11_n_0.  Re-placed instance mul0_ctrl/offset_reg[5]_i_11
INFO: [Physopt 32-663] Processed net mul0_ctrl/rotate[12]_i_9_n_0.  Re-placed instance mul0_ctrl/rotate[12]_i_9
INFO: [Physopt 32-662] Processed net mul0_ctrl/Q[4].  Did not re-place instance mul0_ctrl/g_addra_reg[4]
INFO: [Physopt 32-663] Processed net mul0_ctrl/offset_reg[5]_i_3_n_0.  Re-placed instance mul0_ctrl/offset_reg[5]_i_3
INFO: [Physopt 32-663] Processed net mul0_ctrl/rotate[8]_i_1_n_0.  Re-placed instance mul0_ctrl/rotate[8]_i_1
INFO: [Physopt 32-662] Processed net mul0_ctrl/rotate[8]_i_2_n_0.  Did not re-place instance mul0_ctrl/rotate[8]_i_2
INFO: [Physopt 32-662] Processed net mul0_ctrl/data1[10].  Did not re-place instance mul0_ctrl/rotate_reg[8]
INFO: [Physopt 32-663] Processed net mul0_ctrl/g_addrb[1]_i_4_n_0.  Re-placed instance mul0_ctrl/g_addrb[1]_i_4
INFO: [Physopt 32-662] Processed net mul0_ctrl/rotate[35]_i_1_n_0.  Did not re-place instance mul0_ctrl/rotate[35]_i_1
INFO: [Physopt 32-663] Processed net mul0_ctrl/rotate[35]_i_3_n_0.  Re-placed instance mul0_ctrl/rotate[35]_i_3
INFO: [Physopt 32-662] Processed net mul0_ctrl/in30[35].  Did not re-place instance mul0_ctrl/rotate_reg[35]
INFO: [Physopt 32-662] Processed net mul0_ctrl/ld_done_i_4_n_0.  Did not re-place instance mul0_ctrl/ld_done_i_4
INFO: [Physopt 32-661] Optimized 16 nets.  Re-placed 16 instances.
INFO: [Physopt 32-775] End 1 Pass. Optimized 16 nets or cells. Created 0 new cell, deleted 0 existing cell and moved 16 existing cells
INFO: [Physopt 32-619] Estimated Timing Summary | WNS=-0.554 | TNS=-18.520 |
Netlist sorting complete. Time (s): cpu = 00:00:00 ; elapsed = 00:00:00.004 . Memory (MB): peak = 1436.883 ; gain = 0.000
Phase 7 Placement Based Optimization | Checksum: 1e017f300

Time (s): cpu = 00:00:12 ; elapsed = 00:00:08 . Memory (MB): peak = 1436.883 ; gain = 0.000

Phase 8 Rewire
INFO: [Physopt 32-246] Starting Signal Push optimization...
INFO: [Physopt 32-77] Pass 1. Identified 3 candidate nets for rewire optimization.
INFO: [Physopt 32-134] Processed net h0_ctrl/cnt[0]_i_4_n_0. Rewiring did not optimize the net.
INFO: [Physopt 32-242] Processed net h1_ctrl/cnt[0]_i_4__0_n_0_repN. Rewired (signal push) h1_ctrl/done5 to 4 loads. Replicated 0 times.
INFO: [Physopt 32-134] Processed net h1_ctrl/entry_num[6]_i_4_n_0_repN. Rewiring did not optimize the net.
INFO: [Physopt 32-232] Optimized 1 net. Created 0 new instance.
INFO: [Physopt 32-775] End 1 Pass. Optimized 1 net or cell. Created 0 new cell, deleted 0 existing cell and moved 0 existing cell
Netlist sorting complete. Time (s): cpu = 00:00:00 ; elapsed = 00:00:00.005 . Memory (MB): peak = 1436.883 ; gain = 0.000
INFO: [Physopt 32-619] Estimated Timing Summary | WNS=-0.554 | TNS=-19.074 |
Netlist sorting complete. Time (s): cpu = 00:00:00 ; elapsed = 00:00:00.004 . Memory (MB): peak = 1436.883 ; gain = 0.000
Phase 8 Rewire | Checksum: f011ec6b

Time (s): cpu = 00:00:12 ; elapsed = 00:00:08 . Memory (MB): peak = 1436.883 ; gain = 0.000

Phase 9 Critical Cell Optimization
INFO: [Physopt 32-46] Identified 7 candidate nets for critical-cell optimization.
INFO: [Physopt 32-572] Net h0_ctrl/h_doutb[13]_i_1__0_n_0 was not replicated.
Resolution: phys_opt_design can be forced to replicate a net driver using the option -force_replication_on_nets <list of net objects>.
INFO: [Physopt 32-572] Net h0_ctrl/cnt[0]_i_4_n_0 was not replicated.
Resolution: phys_opt_design can be forced to replicate a net driver using the option -force_replication_on_nets <list of net objects>.
INFO: [Physopt 32-81] Processed net h1_ctrl/h_addra[6]_i_3__0_n_0. Replicated 1 times.
INFO: [Physopt 32-572] Net h1_ctrl/cnt[0]_i_4__0_n_0_repN was not replicated.
Resolution: phys_opt_design can be forced to replicate a net driver using the option -force_replication_on_nets <list of net objects>.
INFO: [Physopt 32-572] Net h1_ctrl/entry_num[6]_i_1__0_n_0 was not replicated.
Resolution: phys_opt_design can be forced to replicate a net driver using the option -force_replication_on_nets <list of net objects>.
INFO: [Physopt 32-81] Processed net h1_ctrl/entry_num[6]_i_4_n_0_repN. Replicated 1 times.
INFO: [Physopt 32-572] Net h1_ctrl/h_doutb[13]_i_1_n_0 was not replicated.
Resolution: phys_opt_design can be forced to replicate a net driver using the option -force_replication_on_nets <list of net objects>.
INFO: [Physopt 32-232] Optimized 2 nets. Created 2 new instances.
INFO: [Physopt 32-775] End 1 Pass. Optimized 2 nets or cells. Created 2 new cells, deleted 0 existing cell and moved 0 existing cell
INFO: [Physopt 32-619] Estimated Timing Summary | WNS=-0.554 | TNS=-17.687 |
Netlist sorting complete. Time (s): cpu = 00:00:00 ; elapsed = 00:00:00.005 . Memory (MB): peak = 1436.883 ; gain = 0.000
Phase 9 Critical Cell Optimization | Checksum: 106fc6153

Time (s): cpu = 00:00:13 ; elapsed = 00:00:08 . Memory (MB): peak = 1436.883 ; gain = 0.000

Phase 10 Slr Crossing Optimization
Phase 10 Slr Crossing Optimization | Checksum: 106fc6153

Time (s): cpu = 00:00:13 ; elapsed = 00:00:08 . Memory (MB): peak = 1436.883 ; gain = 0.000

Phase 11 Fanout Optimization
INFO: [Physopt 32-76] Pass 1. Identified 2 candidate nets for fanout optimization.
INFO: [Physopt 32-572] Net h0_ctrl/h_douta[13]_i_1_n_0 was not replicated.
Resolution: phys_opt_design can be forced to replicate a net driver using the option -force_replication_on_nets <list of net objects>.
INFO: [Physopt 32-572] Net mul0_ctrl/g_addrb[1]_i_4_n_0 was not replicated.
Resolution: phys_opt_design can be forced to replicate a net driver using the option -force_replication_on_nets <list of net objects>.
INFO: [Physopt 32-232] Optimized 0 net. Created 0 new instance.
INFO: [Physopt 32-775] End 1 Pass. Optimized 0 net or cell. Created 0 new cell, deleted 0 existing cell and moved 0 existing cell
Netlist sorting complete. Time (s): cpu = 00:00:00 ; elapsed = 00:00:00.003 . Memory (MB): peak = 1436.883 ; gain = 0.000
Phase 11 Fanout Optimization | Checksum: d40655c0

Time (s): cpu = 00:00:13 ; elapsed = 00:00:08 . Memory (MB): peak = 1436.883 ; gain = 0.000

Phase 12 Placement Based Optimization
INFO: [Physopt 32-660] Identified 134 candidate nets for placement-based optimization.
INFO: [Physopt 32-662] Processed net h0_ctrl/h_douta[13]_i_1_n_0.  Did not re-place instance h0_ctrl/h_douta[13]_i_1
INFO: [Physopt 32-662] Processed net h0_ctrl/h_doutb[13]_i_1__0_n_0.  Did not re-place instance h0_ctrl/h_doutb[13]_i_1__0
INFO: [Physopt 32-662] Processed net h0_ctrl/cnt[0]_i_4_n_0.  Did not re-place instance h0_ctrl/cnt[0]_i_4
INFO: [Physopt 32-662] Processed net h0_ctrl/i__carry_i_3_n_0.  Did not re-place instance h0_ctrl/i__carry_i_3
INFO: [Physopt 32-662] Processed net h0_ctrl/h0_ctrl_doutb[11].  Did not re-place instance h0_ctrl/h_doutb_reg[11]
INFO: [Physopt 32-662] Processed net h0_ctrl/h0_ctrl_doutb[4].  Did not re-place instance h0_ctrl/h_doutb_reg[4]
INFO: [Physopt 32-662] Processed net h0_ctrl/h0_ctrl_doutb[5].  Did not re-place instance h0_ctrl/h_doutb_reg[5]
INFO: [Physopt 32-662] Processed net h0_ctrl/h0_ctrl_doutb[9].  Did not re-place instance h0_ctrl/h_doutb_reg[9]
INFO: [Physopt 32-662] Processed net h0_ctrl/done5_carry_i_3_n_0.  Did not re-place instance h0_ctrl/done5_carry_i_3
INFO: [Physopt 32-662] Processed net h0_ctrl/h0_ctrl_doutb[0].  Did not re-place instance h0_ctrl/h_doutb_reg[0]
INFO: [Physopt 32-662] Processed net h0_ctrl/h0_ctrl_doutb[10].  Did not re-place instance h0_ctrl/h_doutb_reg[10]
INFO: [Physopt 32-662] Processed net h0_ctrl/h0_ctrl_doutb[12].  Did not re-place instance h0_ctrl/h_doutb_reg[12]
INFO: [Physopt 32-662] Processed net h0_ctrl/h0_ctrl_doutb[13].  Did not re-place instance h0_ctrl/h_doutb_reg[13]
INFO: [Physopt 32-662] Processed net h0_ctrl/h0_ctrl_doutb[1].  Did not re-place instance h0_ctrl/h_doutb_reg[1]
INFO: [Physopt 32-662] Processed net h0_ctrl/h0_ctrl_doutb[2].  Did not re-place instance h0_ctrl/h_doutb_reg[2]
INFO: [Physopt 32-662] Processed net h0_ctrl/done5_carry_i_4_n_0.  Did not re-place instance h0_ctrl/done5_carry_i_4
INFO: [Physopt 32-662] Processed net h0_ctrl/h0_ctrl_doutb[3].  Did not re-place instance h0_ctrl/h_doutb_reg[3]
INFO: [Physopt 32-662] Processed net h0_ctrl/h0_ctrl_doutb[6].  Did not re-place instance h0_ctrl/h_doutb_reg[6]
INFO: [Physopt 32-662] Processed net h0_ctrl/h0_ctrl_doutb[7].  Did not re-place instance h0_ctrl/h_doutb_reg[7]
INFO: [Physopt 32-662] Processed net h0_ctrl/h0_ctrl_doutb[8].  Did not re-place instance h0_ctrl/h_doutb_reg[8]
INFO: [Physopt 32-662] Processed net h0_ctrl/done5_carry_i_2_n_0.  Did not re-place instance h0_ctrl/done5_carry_i_2
INFO: [Physopt 32-662] Processed net h0_ctrl/i__carry_i_4_n_0.  Did not re-place instance h0_ctrl/i__carry_i_4
INFO: [Physopt 32-662] Processed net h0_ctrl/done5_carry_i_1_n_0.  Did not re-place instance h0_ctrl/done5_carry_i_1
INFO: [Physopt 32-662] Processed net h0_ctrl/entry_num[6]_i_1_n_0.  Did not re-place instance h0_ctrl/entry_num[6]_i_1
INFO: [Physopt 32-662] Processed net h0_ctrl/p_0_in[0].  Did not re-place instance h0_ctrl/entry_num_reg[1]
INFO: [Physopt 32-662] Processed net h0_ctrl/p_0_in[2].  Did not re-place instance h0_ctrl/entry_num_reg[3]
INFO: [Physopt 32-662] Processed net h0_ctrl/p_0_in[3].  Did not re-place instance h0_ctrl/entry_num_reg[4]
INFO: [Physopt 32-662] Processed net h0_ctrl/p_0_in[5].  Did not re-place instance h0_ctrl/entry_num_reg[6]
INFO: [Physopt 32-662] Processed net h0_ctrl/entry_num_reg_n_0_[0].  Did not re-place instance h0_ctrl/entry_num_reg[0]
INFO: [Physopt 32-662] Processed net h0_ctrl/i__carry_i_2_n_0.  Did not re-place instance h0_ctrl/i__carry_i_2
INFO: [Physopt 32-662] Processed net h0_ctrl/done6_carry_i_3_n_0.  Did not re-place instance h0_ctrl/done6_carry_i_3
INFO: [Physopt 32-662] Processed net h0_ctrl/done6_carry_i_4_n_0.  Did not re-place instance h0_ctrl/done6_carry_i_4
INFO: [Physopt 32-662] Processed net h0_ctrl/i__carry_i_1_n_0.  Did not re-place instance h0_ctrl/i__carry_i_1
INFO: [Physopt 32-662] Processed net h1_ctrl/cnt[0]_i_4__0_n_0_repN.  Did not re-place instance h1_ctrl/cnt[0]_i_4__0_replica_rewire
INFO: [Physopt 32-662] Processed net h1_ctrl/entry_num[6]_i_1__0_n_0.  Did not re-place instance h1_ctrl/entry_num[6]_i_1__0
INFO: [Physopt 32-662] Processed net h1_ctrl/entry_num[6]_i_4_n_0_repN_1.  Did not re-place instance h1_ctrl/entry_num[6]_i_4_replica
INFO: [Physopt 32-662] Processed net h1_ctrl/i__carry_i_4__0_n_0.  Did not re-place instance h1_ctrl/i__carry_i_4__0
INFO: [Physopt 32-662] Processed net h1_ctrl/p_0_in[0].  Did not re-place instance h1_ctrl/entry_num_reg[1]
INFO: [Physopt 32-662] Processed net h1_ctrl/entry_num_reg_n_0_[0].  Did not re-place instance h1_ctrl/entry_num_reg[0]
INFO: [Physopt 32-662] Processed net h1_ctrl/p_0_in[2].  Did not re-place instance h1_ctrl/entry_num_reg[3]
INFO: [Physopt 32-662] Processed net h1_ctrl/p_0_in[3].  Did not re-place instance h1_ctrl/entry_num_reg[4]
INFO: [Physopt 32-662] Processed net h1_ctrl/p_0_in[5].  Did not re-place instance h1_ctrl/entry_num_reg[6]
INFO: [Physopt 32-662] Processed net h0_ctrl/done4_carry_i_3_n_0.  Did not re-place instance h0_ctrl/done4_carry_i_3
INFO: [Physopt 32-662] Processed net h0_ctrl/done4_carry_i_4_n_0.  Did not re-place instance h0_ctrl/done4_carry_i_4
INFO: [Physopt 32-662] Processed net h1_ctrl/h_doutb[13]_i_1_n_0.  Did not re-place instance h1_ctrl/h_doutb[13]_i_1
INFO: [Physopt 32-662] Processed net h1_ctrl/entry_num[6]_i_4_n_0_repN.  Did not re-place instance h1_ctrl/entry_num[6]_i_4_replica_rewire
INFO: [Physopt 32-662] Processed net h1_ctrl/h1_ctrl_doutb[0].  Did not re-place instance h1_ctrl/h_doutb_reg[0]
INFO: [Physopt 32-662] Processed net h1_ctrl/h1_ctrl_doutb[11].  Did not re-place instance h1_ctrl/h_doutb_reg[11]
INFO: [Physopt 32-662] Processed net h1_ctrl/h1_ctrl_doutb[12].  Did not re-place instance h1_ctrl/h_doutb_reg[12]
INFO: [Physopt 32-662] Processed net h1_ctrl/h1_ctrl_doutb[13].  Did not re-place instance h1_ctrl/h_doutb_reg[13]
INFO: [Physopt 32-662] Processed net h1_ctrl/h1_ctrl_doutb[5].  Did not re-place instance h1_ctrl/h_doutb_reg[5]
INFO: [Physopt 32-662] Processed net h1_ctrl/h1_ctrl_doutb[8].  Did not re-place instance h1_ctrl/h_doutb_reg[8]
INFO: [Physopt 32-663] Processed net h1_ctrl/entry_num[6]_i_2__0_n_0.  Re-placed instance h1_ctrl/entry_num[6]_i_2__0
INFO: [Physopt 32-662] Processed net h1_ctrl/done6_carry_i_3__0_n_0.  Did not re-place instance h1_ctrl/done6_carry_i_3__0
INFO: [Physopt 32-662] Processed net h1_ctrl/h_douta[13]_i_1__0_n_0.  Did not re-place instance h1_ctrl/h_douta[13]_i_1__0
INFO: [Physopt 32-662] Processed net h1_ctrl/entry_num[6]_i_4_n_0.  Did not re-place instance h1_ctrl/entry_num[6]_i_4
INFO: [Physopt 32-662] Processed net h1_ctrl/cnt[0]_i_4__0_n_0.  Did not re-place instance h1_ctrl/cnt[0]_i_4__0
INFO: [Physopt 32-662] Processed net h1_ctrl/done5_carry_i_3__0_n_0.  Did not re-place instance h1_ctrl/done5_carry_i_3__0
INFO: [Physopt 32-662] Processed net h1_ctrl/h1_ctrl_douta[10].  Did not re-place instance h1_ctrl/h_douta_reg[10]
INFO: [Physopt 32-662] Processed net h1_ctrl/h1_ctrl_douta[11].  Did not re-place instance h1_ctrl/h_douta_reg[11]
INFO: [Physopt 32-662] Processed net h1_ctrl/h1_ctrl_douta[12].  Did not re-place instance h1_ctrl/h_douta_reg[12]
INFO: [Physopt 32-662] Processed net h1_ctrl/h1_ctrl_douta[13].  Did not re-place instance h1_ctrl/h_douta_reg[13]
INFO: [Physopt 32-662] Processed net h1_ctrl/h1_ctrl_douta[1].  Did not re-place instance h1_ctrl/h_douta_reg[1]
INFO: [Physopt 32-662] Processed net h1_ctrl/h1_ctrl_douta[2].  Did not re-place instance h1_ctrl/h_douta_reg[2]
INFO: [Physopt 32-662] Processed net h1_ctrl/h1_ctrl_douta[9].  Did not re-place instance h1_ctrl/h_douta_reg[9]
INFO: [Physopt 32-662] Processed net h1_ctrl/h1_ctrl_douta[0].  Did not re-place instance h1_ctrl/h_douta_reg[0]
INFO: [Physopt 32-662] Processed net h1_ctrl/h1_ctrl_douta[3].  Did not re-place instance h1_ctrl/h_douta_reg[3]
INFO: [Physopt 32-662] Processed net h1_ctrl/h1_ctrl_douta[4].  Did not re-place instance h1_ctrl/h_douta_reg[4]
INFO: [Physopt 32-662] Processed net h1_ctrl/h1_ctrl_douta[5].  Did not re-place instance h1_ctrl/h_douta_reg[5]
INFO: [Physopt 32-662] Processed net h1_ctrl/h1_ctrl_douta[6].  Did not re-place instance h1_ctrl/h_douta_reg[6]
INFO: [Physopt 32-662] Processed net h1_ctrl/h1_ctrl_douta[7].  Did not re-place instance h1_ctrl/h_douta_reg[7]
INFO: [Physopt 32-662] Processed net h1_ctrl/h1_ctrl_douta[8].  Did not re-place instance h1_ctrl/h_douta_reg[8]
INFO: [Physopt 32-662] Processed net h0_ctrl/done4_carry_i_2_n_0.  Did not re-place instance h0_ctrl/done4_carry_i_2
INFO: [Physopt 32-662] Processed net h1_ctrl/done5_carry_i_4__0_n_0.  Did not re-place instance h1_ctrl/done5_carry_i_4__0
INFO: [Physopt 32-662] Processed net h1_ctrl/i__carry_i_3__0_n_0.  Did not re-place instance h1_ctrl/i__carry_i_3__0
INFO: [Physopt 32-662] Processed net h1_ctrl/h_addra[3]_i_1__1_n_0.  Did not re-place instance h1_ctrl/h_addra[3]_i_1__1
INFO: [Physopt 32-662] Processed net h1_ctrl/Q[2].  Did not re-place instance h1_ctrl/h_addra_reg[3]
INFO: [Physopt 32-662] Processed net h1_ctrl/done6_carry_i_4__0_n_0.  Did not re-place instance h1_ctrl/done6_carry_i_4__0
INFO: [Physopt 32-662] Processed net h1_ctrl/h_addra[2]_i_1__1_n_0.  Did not re-place instance h1_ctrl/h_addra[2]_i_1__1
INFO: [Physopt 32-662] Processed net h1_ctrl/Q[1].  Did not re-place instance h1_ctrl/h_addra_reg[2]
INFO: [Physopt 32-663] Processed net h1_ctrl/cnt[5]_i_1__0_n_0.  Re-placed instance h1_ctrl/cnt[5]_i_1__0_rewire
INFO: [Physopt 32-662] Processed net h1_ctrl/i__carry_i_1__0_n_0.  Did not re-place instance h1_ctrl/i__carry_i_1__0
INFO: [Physopt 32-663] Processed net h1_ctrl/cnt_reg_n_0_[1].  Re-placed instance h1_ctrl/cnt_reg[1]
INFO: [Physopt 32-663] Processed net h1_ctrl/cnt_reg_n_0_[2].  Re-placed instance h1_ctrl/cnt_reg[2]
INFO: [Physopt 32-663] Processed net h1_ctrl/cnt_reg_n_0_[3].  Re-placed instance h1_ctrl/cnt_reg[3]
INFO: [Physopt 32-663] Processed net h1_ctrl/cnt_reg_n_0_[4].  Re-placed instance h1_ctrl/cnt_reg[4]
INFO: [Physopt 32-663] Processed net h1_ctrl/cnt_reg_n_0_[5].  Re-placed instance h1_ctrl/cnt_reg[5]
INFO: [Physopt 32-662] Processed net h0_ctrl/h_addrb[2]_i_1_n_0.  Did not re-place instance h0_ctrl/h_addrb[2]_i_1
INFO: [Physopt 32-662] Processed net h0_ctrl/h0_ctrl_addrb[2].  Did not re-place instance h0_ctrl/h_addrb_reg[2]
INFO: [Physopt 32-662] Processed net h1_ctrl/h1_ctrl_doutb[10].  Did not re-place instance h1_ctrl/h_doutb_reg[10]
INFO: [Physopt 32-662] Processed net h1_ctrl/h1_ctrl_doutb[1].  Did not re-place instance h1_ctrl/h_doutb_reg[1]
INFO: [Physopt 32-662] Processed net h1_ctrl/h1_ctrl_doutb[2].  Did not re-place instance h1_ctrl/h_doutb_reg[2]
INFO: [Physopt 32-662] Processed net h1_ctrl/h1_ctrl_doutb[3].  Did not re-place instance h1_ctrl/h_doutb_reg[3]
INFO: [Physopt 32-662] Processed net h1_ctrl/h1_ctrl_doutb[4].  Did not re-place instance h1_ctrl/h_doutb_reg[4]
INFO: [Physopt 32-662] Processed net h1_ctrl/h1_ctrl_doutb[6].  Did not re-place instance h1_ctrl/h_doutb_reg[6]
INFO: [Physopt 32-662] Processed net h1_ctrl/h1_ctrl_doutb[7].  Did not re-place instance h1_ctrl/h_doutb_reg[7]
INFO: [Physopt 32-662] Processed net h1_ctrl/h1_ctrl_doutb[9].  Did not re-place instance h1_ctrl/h_doutb_reg[9]
INFO: [Physopt 32-662] Processed net mul0_ctrl/rotate[127]_i_1_n_0.  Did not re-place instance mul0_ctrl/rotate[127]_i_1
INFO: [Physopt 32-662] Processed net mul0_ctrl/ld_done_i_2_n_0.  Did not re-place instance mul0_ctrl/ld_done_i_2
INFO: [Physopt 32-662] Processed net mul0_ctrl/ld_done_i_5_n_0.  Did not re-place instance mul0_ctrl/ld_done_i_5
INFO: [Physopt 32-662] Processed net mul0_ctrl/p_0_in[11].  Did not re-place instance mul0_ctrl/rotate_reg[75]
INFO: [Physopt 32-662] Processed net mul0_ctrl/p_0_in[7].  Did not re-place instance mul0_ctrl/rotate_reg[71]
INFO: [Physopt 32-662] Processed net h0_ctrl/done6_carry_i_1_n_0.  Did not re-place instance h0_ctrl/done6_carry_i_1
INFO: [Physopt 32-662] Processed net h0_ctrl/done6_carry_i_2_n_0.  Did not re-place instance h0_ctrl/done6_carry_i_2
INFO: [Physopt 32-662] Processed net mul0_ctrl/ld_done_i_4_n_0.  Did not re-place instance mul0_ctrl/ld_done_i_4
INFO: [Physopt 32-662] Processed net mul0_ctrl/offset_reg[5]_i_5_n_0.  Did not re-place instance mul0_ctrl/offset_reg[5]_i_5
INFO: [Physopt 32-662] Processed net mul0_ctrl/g_addrb[1]_i_3_n_0.  Did not re-place instance mul0_ctrl/g_addrb[1]_i_3
INFO: [Physopt 32-662] Processed net mul0_ctrl/offset_reg[5]_i_12_n_0.  Did not re-place instance mul0_ctrl/offset_reg[5]_i_12
INFO: [Physopt 32-662] Processed net h0_ctrl/done4_carry_i_1_n_0.  Did not re-place instance h0_ctrl/done4_carry_i_1
INFO: [Physopt 32-663] Processed net mul0_ctrl/rotate[12]_i_4_n_0.  Re-placed instance mul0_ctrl/rotate[12]_i_4
INFO: [Physopt 32-663] Processed net mul0_ctrl/rotate[12]_i_7_n_0.  Re-placed instance mul0_ctrl/rotate[12]_i_7
INFO: [Physopt 32-662] Processed net mul0_ctrl/rotate[4]_i_1_n_0.  Did not re-place instance mul0_ctrl/rotate[4]_i_1
INFO: [Physopt 32-662] Processed net mul0_ctrl/data1[6].  Did not re-place instance mul0_ctrl/rotate_reg[4]
INFO: [Physopt 32-663] Processed net h0_ctrl/h_addra[5]_i_3_n_0.  Re-placed instance h0_ctrl/h_addra[5]_i_3
INFO: [Physopt 32-662] Processed net h1_ctrl/i__carry_i_2__0_n_0.  Did not re-place instance h1_ctrl/i__carry_i_2__0
INFO: [Physopt 32-662] Processed net mul0_ctrl/p_0_in[0].  Did not re-place instance mul0_ctrl/rotate_reg[64]
INFO: [Physopt 32-663] Processed net mul0_ctrl/p_0_in[25].  Re-placed instance mul0_ctrl/rotate_reg[89]
INFO: [Physopt 32-663] Processed net mul0_ctrl/p_0_in[30].  Re-placed instance mul0_ctrl/rotate_reg[94]
INFO: [Physopt 32-663] Processed net h0_ctrl/cnt[5]_i_1_n_0.  Re-placed instance h0_ctrl/cnt[5]_i_1
INFO: [Physopt 32-663] Processed net h0_ctrl/cnt_reg_n_0_[3].  Re-placed instance h0_ctrl/cnt_reg[3]
INFO: [Physopt 32-663] Processed net h0_ctrl/cnt_reg_n_0_[1].  Re-placed instance h0_ctrl/cnt_reg[1]
INFO: [Physopt 32-663] Processed net h0_ctrl/cnt_reg_n_0_[2].  Re-placed instance h0_ctrl/cnt_reg[2]
INFO: [Physopt 32-663] Processed net h0_ctrl/cnt_reg_n_0_[4].  Re-placed instance h0_ctrl/cnt_reg[4]
INFO: [Physopt 32-663] Processed net h0_ctrl/cnt_reg_n_0_[5].  Re-placed instance h0_ctrl/cnt_reg[5]
INFO: [Physopt 32-662] Processed net mul0_ctrl/p_0_in[10].  Did not re-place instance mul0_ctrl/rotate_reg[74]
INFO: [Physopt 32-662] Processed net mul0_ctrl/rotate[2]_i_1_n_0.  Did not re-place instance mul0_ctrl/rotate[2]_i_1
INFO: [Physopt 32-663] Processed net mul0_ctrl/p_0_in[14].  Re-placed instance mul0_ctrl/rotate_reg[78]
INFO: [Physopt 32-662] Processed net mul0_ctrl/data1[4].  Did not re-place instance mul0_ctrl/rotate_reg[2]
INFO: [Physopt 32-662] Processed net mul0_ctrl/p_0_in[12].  Did not re-place instance mul0_ctrl/rotate_reg[76]
INFO: [Physopt 32-663] Processed net mul0_ctrl/p_0_in[32].  Re-placed instance mul0_ctrl/rotate_reg[96]
INFO: [Physopt 32-663] Processed net mul0_ctrl/in30[39].  Re-placed instance mul0_ctrl/rotate_reg[39]
INFO: [Physopt 32-663] Processed net mul0_ctrl/in30[57].  Re-placed instance mul0_ctrl/rotate_reg[57]
INFO: [Physopt 32-662] Processed net mul0_ctrl/in30[58].  Did not re-place instance mul0_ctrl/rotate_reg[58]
INFO: [Physopt 32-663] Processed net mul0_ctrl/p_0_in[34].  Re-placed instance mul0_ctrl/rotate_reg[98]
INFO: [Physopt 32-661] Optimized 23 nets.  Re-placed 23 instances.
INFO: [Physopt 32-775] End 1 Pass. Optimized 23 nets or cells. Created 0 new cell, deleted 0 existing cell and moved 23 existing cells
INFO: [Physopt 32-619] Estimated Timing Summary | WNS=-0.554 | TNS=-15.484 |
Netlist sorting complete. Time (s): cpu = 00:00:00 ; elapsed = 00:00:00.003 . Memory (MB): peak = 1436.883 ; gain = 0.000
Phase 12 Placement Based Optimization | Checksum: e11c9c1c

Time (s): cpu = 00:00:18 ; elapsed = 00:00:12 . Memory (MB): peak = 1436.883 ; gain = 0.000

Phase 13 Rewire
INFO: [Physopt 32-246] Starting Signal Push optimization...
INFO: [Physopt 32-241] No nets found for rewiring () optimization.
INFO: [Physopt 32-232] Optimized 0 net. Created 0 new instance.
INFO: [Physopt 32-775] End 1 Pass. Optimized 0 net or cell. Created 0 new cell, deleted 0 existing cell and moved 0 existing cell
Netlist sorting complete. Time (s): cpu = 00:00:00 ; elapsed = 00:00:00.004 . Memory (MB): peak = 1436.883 ; gain = 0.000
Phase 13 Rewire | Checksum: e11c9c1c

Time (s): cpu = 00:00:18 ; elapsed = 00:00:12 . Memory (MB): peak = 1436.883 ; gain = 0.000

Phase 14 Critical Cell Optimization
INFO: [Physopt 32-68] No nets found for critical-cell optimization.
INFO: [Physopt 32-232] Optimized 0 net. Created 0 new instance.
INFO: [Physopt 32-775] End 1 Pass. Optimized 0 net or cell. Created 0 new cell, deleted 0 existing cell and moved 0 existing cell
Phase 14 Critical Cell Optimization | Checksum: e11c9c1c

Time (s): cpu = 00:00:18 ; elapsed = 00:00:12 . Memory (MB): peak = 1436.883 ; gain = 0.000

Phase 15 DSP Register Optimization
INFO: [Physopt 32-456] No candidate cells for DSP register optimization found in the design.
INFO: [Physopt 32-775] End 1 Pass. Optimized 0 net or cell. Created 0 new cell, deleted 0 existing cell and moved 0 existing cell
Phase 15 DSP Register Optimization | Checksum: e11c9c1c

Time (s): cpu = 00:00:18 ; elapsed = 00:00:12 . Memory (MB): peak = 1436.883 ; gain = 0.000

Phase 16 BRAM Register Optimization
INFO: [Physopt 32-665] Processed cell h0/U0/inst_blk_mem_gen/gnbram.gnativebmg.native_blk_mem_gen/valid.cstr/ramloop[0].ram.r/prim_init.ram/DEVICE_7SERIES.NO_BMM_INFO.TRUE_DP.SIMPLE_PRIM18.ram. 14 registers were pushed out.
INFO: [Physopt 32-665] Processed cell h0/U0/inst_blk_mem_gen/gnbram.gnativebmg.native_blk_mem_gen/valid.cstr/ramloop[0].ram.r/prim_init.ram/DEVICE_7SERIES.NO_BMM_INFO.TRUE_DP.SIMPLE_PRIM18.ram. 14 registers were pushed out.
INFO: [Physopt 32-665] Processed cell h1/U0/inst_blk_mem_gen/gnbram.gnativebmg.native_blk_mem_gen/valid.cstr/ramloop[0].ram.r/prim_init.ram/DEVICE_7SERIES.NO_BMM_INFO.TRUE_DP.SIMPLE_PRIM18.ram. 14 registers were pushed out.
INFO: [Physopt 32-665] Processed cell h1/U0/inst_blk_mem_gen/gnbram.gnativebmg.native_blk_mem_gen/valid.cstr/ramloop[0].ram.r/prim_init.ram/DEVICE_7SERIES.NO_BMM_INFO.TRUE_DP.SIMPLE_PRIM18.ram. 14 registers were pushed out.
INFO: [Physopt 32-775] End 1 Pass. Optimized 4 nets or cells. Created 56 new cells, deleted 0 existing cell and moved 0 existing cell
INFO: [Physopt 32-619] Estimated Timing Summary | WNS=0.129 | TNS=0.000 |
Netlist sorting complete. Time (s): cpu = 00:00:00 ; elapsed = 00:00:00.033 . Memory (MB): peak = 1436.883 ; gain = 0.000
Phase 16 BRAM Register Optimization | Checksum: db513ca6

Time (s): cpu = 00:00:20 ; elapsed = 00:00:13 . Memory (MB): peak = 1436.883 ; gain = 0.000

Phase 17 URAM Register Optimization
INFO: [Physopt 32-670] No setup violation found.  URAM Register Optimization was not performed.
Phase 17 URAM Register Optimization | Checksum: db513ca6

Time (s): cpu = 00:00:20 ; elapsed = 00:00:13 . Memory (MB): peak = 1436.883 ; gain = 0.000

Phase 18 Shift Register Optimization
INFO: [Physopt 32-670] No setup violation found.  Shift Register Optimization was not performed.
Phase 18 Shift Register Optimization | Checksum: db513ca6

Time (s): cpu = 00:00:20 ; elapsed = 00:00:13 . Memory (MB): peak = 1436.883 ; gain = 0.000

Phase 19 DSP Register Optimization
INFO: [Physopt 32-670] No setup violation found.  DSP Register Optimization was not performed.
Phase 19 DSP Register Optimization | Checksum: db513ca6

Time (s): cpu = 00:00:20 ; elapsed = 00:00:13 . Memory (MB): peak = 1436.883 ; gain = 0.000

Phase 20 BRAM Register Optimization
INFO: [Physopt 32-670] No setup violation found.  BRAM Register Optimization was not performed.
Phase 20 BRAM Register Optimization | Checksum: db513ca6

Time (s): cpu = 00:00:20 ; elapsed = 00:00:13 . Memory (MB): peak = 1436.883 ; gain = 0.000

Phase 21 URAM Register Optimization
INFO: [Physopt 32-670] No setup violation found.  URAM Register Optimization was not performed.
Phase 21 URAM Register Optimization | Checksum: db513ca6

Time (s): cpu = 00:00:20 ; elapsed = 00:00:13 . Memory (MB): peak = 1436.883 ; gain = 0.000

Phase 22 Shift Register Optimization
INFO: [Physopt 32-670] No setup violation found.  Shift Register Optimization was not performed.
Phase 22 Shift Register Optimization | Checksum: db513ca6

Time (s): cpu = 00:00:20 ; elapsed = 00:00:13 . Memory (MB): peak = 1436.883 ; gain = 0.000

Phase 23 Critical Pin Optimization
INFO: [Physopt 32-670] No setup violation found.  Critical Pin Optimization was not performed.
Phase 23 Critical Pin Optimization | Checksum: db513ca6

Time (s): cpu = 00:00:20 ; elapsed = 00:00:13 . Memory (MB): peak = 1436.883 ; gain = 0.000

Phase 24 Very High Fanout Optimization
INFO: [Physopt 32-65] No nets found for high-fanout optimization.
INFO: [Physopt 32-232] Optimized 0 net. Created 0 new instance.
INFO: [Physopt 32-775] End 1 Pass. Optimized 0 net or cell. Created 0 new cell, deleted 0 existing cell and moved 0 existing cell
Phase 24 Very High Fanout Optimization | Checksum: db513ca6

Time (s): cpu = 00:00:20 ; elapsed = 00:00:13 . Memory (MB): peak = 1436.883 ; gain = 0.000

Phase 25 Placement Based Optimization
INFO: [Physopt 32-670] No setup violation found.  Placement Based Optimization was not performed.
Netlist sorting complete. Time (s): cpu = 00:00:00 ; elapsed = 00:00:00.008 . Memory (MB): peak = 1436.883 ; gain = 0.000
Phase 25 Placement Based Optimization | Checksum: db513ca6

Time (s): cpu = 00:00:20 ; elapsed = 00:00:13 . Memory (MB): peak = 1436.883 ; gain = 0.000

Phase 26 Critical Path Optimization
INFO: [Physopt 32-619] Estimated Timing Summary | WNS=0.129 | TNS=0.000 |
INFO: [Physopt 32-619] Estimated Timing Summary | WNS=0.129 | TNS=0.000 |
Phase 26 Critical Path Optimization | Checksum: db513ca6

Time (s): cpu = 00:00:20 ; elapsed = 00:00:13 . Memory (MB): peak = 1436.883 ; gain = 0.000

Phase 27 BRAM Enable Optimization
Phase 27 BRAM Enable Optimization | Checksum: db513ca6

Time (s): cpu = 00:00:20 ; elapsed = 00:00:13 . Memory (MB): peak = 1436.883 ; gain = 0.000
Netlist sorting complete. Time (s): cpu = 00:00:00 ; elapsed = 00:00:00.004 . Memory (MB): peak = 1436.883 ; gain = 0.000
INFO: [Physopt 32-603] Post Physical Optimization Timing Summary | WNS=0.129 | TNS=0.000 |

Summary of Physical Synthesis Optimizations
============================================


-----------------------------------------------------------------------------------------------------------------------------------------------------------------
|  Optimization       |  WNS Gain (ns)  |  TNS Gain (ns)  |  Added Cells  |  Removed Cells  |  Optimized Cells/Nets  |  Dont Touch  |  Iterations  |  Elapsed   |
-----------------------------------------------------------------------------------------------------------------------------------------------------------------
|  Fanout             |          0.000  |          0.000  |            0  |              0  |                     0  |           0  |           3  |  00:00:01  |
|  Placement Based    |          0.048  |          4.680  |            0  |              0  |                    46  |           0  |           3  |  00:00:09  |
|  Rewire             |          0.000  |         -1.107  |            0  |              0  |                     1  |           0  |           3  |  00:00:00  |
|  Critical Cell      |          0.000  |         -0.086  |            4  |              0  |                     4  |           0  |           3  |  00:00:01  |
|  Slr Crossing       |          0.000  |          0.000  |            0  |              0  |                     0  |           0  |           1  |  00:00:00  |
|  DSP Register       |          0.000  |          0.000  |            0  |              0  |                     0  |           0  |           1  |  00:00:00  |
|  BRAM Register      |          0.682  |         15.484  |           56  |              0  |                     4  |           0  |           1  |  00:00:01  |
|  URAM Register      |          0.000  |          0.000  |            0  |              0  |                     0  |           0  |           0  |  00:00:00  |
|  Shift Register     |          0.000  |          0.000  |            0  |              0  |                     0  |           0  |           0  |  00:00:00  |
|  Critical Pin       |          0.000  |          0.000  |            0  |              0  |                     0  |           0  |           0  |  00:00:00  |
|  Very High Fanout   |          0.000  |          0.000  |            0  |              0  |                     0  |           0  |           1  |  00:00:00  |
|  BRAM Enable        |          0.000  |          0.000  |            0  |              0  |                     0  |           0  |           1  |  00:00:00  |
|  Critical Path      |          0.000  |          0.000  |            0  |              0  |                     0  |           0  |           1  |  00:00:00  |
|  Total              |          0.730  |         18.971  |           60  |              0  |                    55  |           0  |          18  |  00:00:12  |
-----------------------------------------------------------------------------------------------------------------------------------------------------------------


Ending Physical Synthesis Task | Checksum: db513ca6

Time (s): cpu = 00:00:20 ; elapsed = 00:00:13 . Memory (MB): peak = 1436.883 ; gain = 0.000
INFO: [Common 17-83] Releasing license: Implementation
499 Infos, 0 Warnings, 0 Critical Warnings and 0 Errors encountered.
phys_opt_design completed successfully
phys_opt_design: Time (s): cpu = 00:00:20 ; elapsed = 00:00:14 . Memory (MB): peak = 1436.883 ; gain = 0.000
INFO: [Timing 38-480] Writing timing data to binary archive.
Writing placer database...
Writing XDEF routing.
Writing XDEF routing logical nets.
Writing XDEF routing special nets.
Write XDEF Complete: Time (s): cpu = 00:00:01 ; elapsed = 00:00:00.209 . Memory (MB): peak = 1436.883 ; gain = 0.000
INFO: [Common 17-1381] The checkpoint 'C:/Users/David/Desktop/KeyGen-3/KeyGen.runs/impl_2/BIKE_2_top_physopt.dcp' has been generated.
Command: route_design -directive NoTimingRelaxation
Attempting to get a license for feature 'Implementation' and/or device 'xc7a75t'
INFO: [Common 17-349] Got license for feature 'Implementation' and/or device 'xc7a75t'
INFO: [DRC 23-27] Running DRC with 2 threads
INFO: [Vivado_Tcl 4-198] DRC finished with 0 Errors
INFO: [Vivado_Tcl 4-199] Please refer to the DRC report (report_drc) for more information.
Running DRC as a precondition to command route_design
INFO: [DRC 23-27] Running DRC with 2 threads
INFO: [Vivado_Tcl 4-198] DRC finished with 0 Errors
INFO: [Vivado_Tcl 4-199] Please refer to the DRC report (report_drc) for more information.


Starting Routing Task
INFO: [Route 35-270] Using Router directive 'NoTimingRelaxation'.
INFO: [Route 35-254] Multithreading enabled for route_design using a maximum of 2 CPUs
Checksum: PlaceDB: 197baeaf ConstDB: 0 ShapeSum: 3efd395e RouteDB: 0

Phase 1 Build RT Design
Phase 1 Build RT Design | Checksum: cc9bce99

Time (s): cpu = 00:00:27 ; elapsed = 00:00:24 . Memory (MB): peak = 1436.883 ; gain = 0.000
Post Restoration Checksum: NetGraph: b95e909c NumContArr: 133d3dfd Constraints: 0 Timing: 0

Phase 2 Router Initialization

Phase 2.1 Create Timer
Phase 2.1 Create Timer | Checksum: cc9bce99

Time (s): cpu = 00:00:27 ; elapsed = 00:00:25 . Memory (MB): peak = 1436.883 ; gain = 0.000

Phase 2.2 Fix Topology Constraints
Phase 2.2 Fix Topology Constraints | Checksum: cc9bce99

Time (s): cpu = 00:00:27 ; elapsed = 00:00:25 . Memory (MB): peak = 1436.883 ; gain = 0.000

Phase 2.3 Pre Route Cleanup
Phase 2.3 Pre Route Cleanup | Checksum: cc9bce99

Time (s): cpu = 00:00:27 ; elapsed = 00:00:25 . Memory (MB): peak = 1436.883 ; gain = 0.000
 Number of Nodes with overlaps = 0

Phase 2.4 Update Timing
Phase 2.4 Update Timing | Checksum: 1418ab517

Time (s): cpu = 00:00:28 ; elapsed = 00:00:25 . Memory (MB): peak = 1453.883 ; gain = 17.000
INFO: [Route 35-416] Intermediate Timing Summary | WNS=0.217  | TNS=0.000  | WHS=-0.360 | THS=-58.454|

Phase 2 Router Initialization | Checksum: 2048313ff

Time (s): cpu = 00:00:28 ; elapsed = 00:00:25 . Memory (MB): peak = 1453.883 ; gain = 17.000

Phase 3 Initial Routing
Phase 3 Initial Routing | Checksum: b9619690

Time (s): cpu = 00:00:29 ; elapsed = 00:00:26 . Memory (MB): peak = 1453.883 ; gain = 17.000

Phase 4 Rip-up And Reroute

Phase 4.1 Global Iteration 0
 Number of Nodes with overlaps = 964
 Number of Nodes with overlaps = 371
 Number of Nodes with overlaps = 165
 Number of Nodes with overlaps = 99
 Number of Nodes with overlaps = 63
 Number of Nodes with overlaps = 37
 Number of Nodes with overlaps = 25
 Number of Nodes with overlaps = 19
 Number of Nodes with overlaps = 8
 Number of Nodes with overlaps = 6
 Number of Nodes with overlaps = 3
 Number of Nodes with overlaps = 2
 Number of Nodes with overlaps = 0
INFO: [Route 35-416] Intermediate Timing Summary | WNS=-0.227 | TNS=-3.905 | WHS=N/A    | THS=N/A    |

Phase 4.1 Global Iteration 0 | Checksum: 18fb6e01b

Time (s): cpu = 00:00:39 ; elapsed = 00:00:31 . Memory (MB): peak = 1453.883 ; gain = 17.000

Phase 4.2 Global Iteration 1
 Number of Nodes with overlaps = 142
 Number of Nodes with overlaps = 78
 Number of Nodes with overlaps = 57
 Number of Nodes with overlaps = 24
 Number of Nodes with overlaps = 21
 Number of Nodes with overlaps = 14
 Number of Nodes with overlaps = 14
 Number of Nodes with overlaps = 9
 Number of Nodes with overlaps = 6
 Number of Nodes with overlaps = 5
 Number of Nodes with overlaps = 2
 Number of Nodes with overlaps = 0
INFO: [Route 35-416] Intermediate Timing Summary | WNS=-0.002 | TNS=-0.009 | WHS=N/A    | THS=N/A    |

Phase 4.2 Global Iteration 1 | Checksum: 16b5ed8d7

Time (s): cpu = 00:00:43 ; elapsed = 00:00:34 . Memory (MB): peak = 1453.883 ; gain = 17.000

Phase 4.3 Global Iteration 2
 Number of Nodes with overlaps = 80
 Number of Nodes with overlaps = 72
 Number of Nodes with overlaps = 40
 Number of Nodes with overlaps = 18
 Number of Nodes with overlaps = 8
 Number of Nodes with overlaps = 2
 Number of Nodes with overlaps = 0
INFO: [Route 35-416] Intermediate Timing Summary | WNS=-0.094 | TNS=-0.604 | WHS=N/A    | THS=N/A    |

Phase 4.3 Global Iteration 2 | Checksum: 1e547846a

Time (s): cpu = 00:00:46 ; elapsed = 00:00:36 . Memory (MB): peak = 1453.883 ; gain = 17.000
Phase 4 Rip-up And Reroute | Checksum: 1e547846a

Time (s): cpu = 00:00:46 ; elapsed = 00:00:36 . Memory (MB): peak = 1453.883 ; gain = 17.000

Phase 5 Delay and Skew Optimization

Phase 5.1 Delay CleanUp

Phase 5.1.1 Update Timing
Phase 5.1.1 Update Timing | Checksum: 2655cb606

Time (s): cpu = 00:00:46 ; elapsed = 00:00:36 . Memory (MB): peak = 1453.883 ; gain = 17.000
INFO: [Route 35-416] Intermediate Timing Summary | WNS=0.085  | TNS=0.000  | WHS=N/A    | THS=N/A    |

Phase 5.1 Delay CleanUp | Checksum: 2655cb606

Time (s): cpu = 00:00:46 ; elapsed = 00:00:36 . Memory (MB): peak = 1453.883 ; gain = 17.000

Phase 5.2 Clock Skew Optimization
Phase 5.2 Clock Skew Optimization | Checksum: 2655cb606

Time (s): cpu = 00:00:46 ; elapsed = 00:00:36 . Memory (MB): peak = 1453.883 ; gain = 17.000
Phase 5 Delay and Skew Optimization | Checksum: 2655cb606

Time (s): cpu = 00:00:46 ; elapsed = 00:00:36 . Memory (MB): peak = 1453.883 ; gain = 17.000

Phase 6 Post Hold Fix

Phase 6.1 Hold Fix Iter

Phase 6.1.1 Update Timing
Phase 6.1.1 Update Timing | Checksum: 188cb6fbe

Time (s): cpu = 00:00:46 ; elapsed = 00:00:36 . Memory (MB): peak = 1453.883 ; gain = 17.000
INFO: [Route 35-416] Intermediate Timing Summary | WNS=0.085  | TNS=0.000  | WHS=0.046  | THS=0.000  |

Phase 6.1 Hold Fix Iter | Checksum: 1b0255c39

Time (s): cpu = 00:00:46 ; elapsed = 00:00:36 . Memory (MB): peak = 1453.883 ; gain = 17.000
Phase 6 Post Hold Fix | Checksum: 1b0255c39

Time (s): cpu = 00:00:46 ; elapsed = 00:00:36 . Memory (MB): peak = 1453.883 ; gain = 17.000

Phase 7 Route finalize

Router Utilization Summary
  Global Vertical Routing Utilization    = 0.641511 %
  Global Horizontal Routing Utilization  = 0.735365 %
  Routable Net Status*
  *Does not include unroutable nets such as driverless and loadless.
  Run report_route_status for detailed report.
  Number of Failed Nets               = 0
  Number of Unrouted Nets             = 0
  Number of Partially Routed Nets     = 0
  Number of Node Overlaps             = 0

Phase 7 Route finalize | Checksum: 1b4dfba0c

Time (s): cpu = 00:00:46 ; elapsed = 00:00:36 . Memory (MB): peak = 1453.883 ; gain = 17.000

Phase 8 Verifying routed nets

 Verification completed successfully
Phase 8 Verifying routed nets | Checksum: 1b4dfba0c

Time (s): cpu = 00:00:46 ; elapsed = 00:00:36 . Memory (MB): peak = 1453.883 ; gain = 17.000

Phase 9 Depositing Routes
Phase 9 Depositing Routes | Checksum: 1733d4748

Time (s): cpu = 00:00:46 ; elapsed = 00:00:36 . Memory (MB): peak = 1453.883 ; gain = 17.000

Phase 10 Post Router Timing
INFO: [Route 35-20] Post Routing Timing Summary | WNS=0.090  | TNS=0.000  | WHS=0.048  | THS=0.000  |

INFO: [Route 35-61] The design met the timing requirement.
Phase 10 Post Router Timing | Checksum: 169123238

Time (s): cpu = 00:00:47 ; elapsed = 00:00:37 . Memory (MB): peak = 1453.883 ; gain = 17.000
INFO: [Route 35-16] Router Completed Successfully

Time (s): cpu = 00:00:47 ; elapsed = 00:00:37 . Memory (MB): peak = 1453.883 ; gain = 17.000

Routing Is Done.
INFO: [Common 17-83] Releasing license: Implementation
520 Infos, 0 Warnings, 0 Critical Warnings and 0 Errors encountered.
route_design completed successfully
route_design: Time (s): cpu = 00:00:49 ; elapsed = 00:00:56 . Memory (MB): peak = 1453.883 ; gain = 17.000
INFO: [Timing 38-480] Writing timing data to binary archive.
Writing placer database...
Writing XDEF routing.
Writing XDEF routing logical nets.
Writing XDEF routing special nets.
Write XDEF Complete: Time (s): cpu = 00:00:01 ; elapsed = 00:00:00.264 . Memory (MB): peak = 1453.883 ; gain = 0.000
INFO: [Common 17-1381] The checkpoint 'C:/Users/David/Desktop/KeyGen-3/KeyGen.runs/impl_2/BIKE_2_top_routed.dcp' has been generated.
INFO: [runtcl-4] Executing : report_drc -file BIKE_2_top_drc_routed.rpt -pb BIKE_2_top_drc_routed.pb -rpx BIKE_2_top_drc_routed.rpx
Command: report_drc -file BIKE_2_top_drc_routed.rpt -pb BIKE_2_top_drc_routed.pb -rpx BIKE_2_top_drc_routed.rpx
INFO: [DRC 23-27] Running DRC with 2 threads
INFO: [Coretcl 2-168] The results of DRC are in file C:/Users/David/Desktop/KeyGen-3/KeyGen.runs/impl_2/BIKE_2_top_drc_routed.rpt.
report_drc completed successfully
INFO: [runtcl-4] Executing : report_methodology -file BIKE_2_top_methodology_drc_routed.rpt -pb BIKE_2_top_methodology_drc_routed.pb -rpx BIKE_2_top_methodology_drc_routed.rpx
Command: report_methodology -file BIKE_2_top_methodology_drc_routed.rpt -pb BIKE_2_top_methodology_drc_routed.pb -rpx BIKE_2_top_methodology_drc_routed.rpx
INFO: [Timing 38-35] Done setting XDC timing constraints.
INFO: [Timing 38-35] Done setting XDC timing constraints.
INFO: [DRC 23-133] Running Methodology with 2 threads
INFO: [Coretcl 2-1520] The results of Report Methodology are in file C:/Users/David/Desktop/KeyGen-3/KeyGen.runs/impl_2/BIKE_2_top_methodology_drc_routed.rpt.
report_methodology completed successfully
INFO: [runtcl-4] Executing : report_power -file BIKE_2_top_power_routed.rpt -pb BIKE_2_top_power_summary_routed.pb -rpx BIKE_2_top_power_routed.rpx
Command: report_power -file BIKE_2_top_power_routed.rpt -pb BIKE_2_top_power_summary_routed.pb -rpx BIKE_2_top_power_routed.rpx
INFO: [Timing 38-35] Done setting XDC timing constraints.
Running Vector-less Activity Propagation...

Finished Running Vector-less Activity Propagation
532 Infos, 0 Warnings, 0 Critical Warnings and 0 Errors encountered.
report_power completed successfully
INFO: [runtcl-4] Executing : report_route_status -file BIKE_2_top_route_status.rpt -pb BIKE_2_top_route_status.pb
INFO: [runtcl-4] Executing : report_timing_summary -max_paths 10 -file BIKE_2_top_timing_summary_routed.rpt -pb BIKE_2_top_timing_summary_routed.pb -rpx BIKE_2_top_timing_summary_routed.rpx -warn_on_violation 
INFO: [Timing 38-91] UpdateTimingParams: Speed grade: -1, Delay Type: min_max, Timing Stage: Requireds.
INFO: [Timing 38-191] Multithreading enabled for timing update using a maximum of 2 CPUs
INFO: [runtcl-4] Executing : report_incremental_reuse -file BIKE_2_top_incremental_reuse_routed.rpt
INFO: [Vivado_Tcl 4-545] No incremental reuse to report, no incremental placement and routing data was found.
INFO: [runtcl-4] Executing : report_clock_utilization -file BIKE_2_top_clock_utilization_routed.rpt
INFO: [runtcl-4] Executing : report_bus_skew -warn_on_violation -file route_report_bus_skew_0.rpt -rpx route_report_bus_skew_0.rpx
INFO: [Timing 38-91] UpdateTimingParams: Speed grade: -1, Delay Type: min_max, Timing Stage: Requireds.
INFO: [Timing 38-191] Multithreading enabled for timing update using a maximum of 2 CPUs
INFO: [Common 17-206] Exiting Vivado at Sat May  4 13:17:00 2019...
