
*** Running vivado
    with args -log mul_64bit.vds -m64 -product Vivado -mode batch -messageDb vivado.pb -notrace -source mul_64bit.tcl


****** Vivado v2018.1 (64-bit)
  **** SW Build 2188600 on Wed Apr  4 18:40:38 MDT 2018
  **** IP Build 2185939 on Wed Apr  4 20:55:05 MDT 2018
    ** Copyright 1986-2018 Xilinx, Inc. All Rights Reserved.

source mul_64bit.tcl -notrace
Command: synth_design -top mul_64bit -part xa7a25tcpg238-1I -mode out_of_context
Starting synth_design
Attempting to get a license for feature 'Synthesis' and/or device 'xa7a25t'
INFO: [Common 17-349] Got license for feature 'Synthesis' and/or device 'xa7a25t'
INFO: Launching helper process for spawning children vivado processes
INFO: Helper process launched with PID 8348 
---------------------------------------------------------------------------------
Starting RTL Elaboration : Time (s): cpu = 00:00:06 ; elapsed = 00:00:08 . Memory (MB): peak = 444.406 ; gain = 97.898
---------------------------------------------------------------------------------
INFO: [Synth 8-638] synthesizing module 'mul_64bit' [c:/Users/David/Desktop/BIKE KeyGen/KeyGen/KeyGen.ip/mul_64bit/synth/mul_64bit.vhd:67]
WARNING: [Synth 8-5640] Port 'zero_detect' is missing in component declaration [c:/Users/David/Desktop/BIKE KeyGen/KeyGen/KeyGen.ip/mul_64bit/synth/mul_64bit.vhd:70]
WARNING: [Synth 8-5640] Port 'pcasc' is missing in component declaration [c:/Users/David/Desktop/BIKE KeyGen/KeyGen/KeyGen.ip/mul_64bit/synth/mul_64bit.vhd:70]
	Parameter C_VERBOSITY bound to: 0 - type: integer 
	Parameter C_MODEL_TYPE bound to: 0 - type: integer 
	Parameter C_OPTIMIZE_GOAL bound to: 1 - type: integer 
	Parameter C_XDEVICEFAMILY bound to: aartix7 - type: string 
	Parameter C_HAS_CE bound to: 0 - type: integer 
	Parameter C_HAS_SCLR bound to: 0 - type: integer 
	Parameter C_LATENCY bound to: 1 - type: integer 
	Parameter C_A_WIDTH bound to: 64 - type: integer 
	Parameter C_A_TYPE bound to: 1 - type: integer 
	Parameter C_B_WIDTH bound to: 63 - type: integer 
	Parameter C_B_TYPE bound to: 1 - type: integer 
	Parameter C_OUT_HIGH bound to: 126 - type: integer 
	Parameter C_OUT_LOW bound to: 0 - type: integer 
	Parameter C_MULT_TYPE bound to: 2 - type: integer 
	Parameter C_CE_OVERRIDES_SCLR bound to: 0 - type: integer 
	Parameter C_CCM_IMP bound to: 2 - type: integer 
	Parameter C_B_VALUE bound to: 101100001010001111101000010110101001100100101010111111100101101 - type: string 
	Parameter C_HAS_ZERO_DETECT bound to: 0 - type: integer 
	Parameter C_ROUND_OUTPUT bound to: 0 - type: integer 
	Parameter C_ROUND_PT bound to: 0 - type: integer 
INFO: [Synth 8-3491] module 'mult_gen_v12_0_14' declared at 'c:/Users/David/Desktop/BIKE KeyGen/KeyGen/KeyGen.ip/mul_64bit/hdl/mult_gen_v12_0_vh_rfs.vhd:21013' bound to instance 'U0' of component 'mult_gen_v12_0_14' [c:/Users/David/Desktop/BIKE KeyGen/KeyGen/KeyGen.ip/mul_64bit/synth/mul_64bit.vhd:118]
INFO: [Synth 8-256] done synthesizing module 'mul_64bit' (7#1) [c:/Users/David/Desktop/BIKE KeyGen/KeyGen/KeyGen.ip/mul_64bit/synth/mul_64bit.vhd:67]
WARNING: [Synth 8-3331] design delay_line__parameterized4 has unconnected port CLK
WARNING: [Synth 8-3331] design delay_line__parameterized4 has unconnected port CE
WARNING: [Synth 8-3331] design delay_line__parameterized4 has unconnected port SCLR
WARNING: [Synth 8-3331] design delay_line__parameterized3 has unconnected port CE
WARNING: [Synth 8-3331] design delay_line__parameterized3 has unconnected port SCLR
WARNING: [Synth 8-3331] design delay_line__parameterized2 has unconnected port CLK
WARNING: [Synth 8-3331] design delay_line__parameterized2 has unconnected port CE
WARNING: [Synth 8-3331] design delay_line__parameterized2 has unconnected port SCLR
WARNING: [Synth 8-3331] design delay_line__parameterized1 has unconnected port CLK
WARNING: [Synth 8-3331] design delay_line__parameterized1 has unconnected port CE
WARNING: [Synth 8-3331] design delay_line__parameterized1 has unconnected port SCLR
WARNING: [Synth 8-3331] design delay_line has unconnected port CLK
WARNING: [Synth 8-3331] design delay_line has unconnected port CE
WARNING: [Synth 8-3331] design delay_line has unconnected port SCLR
WARNING: [Synth 8-3331] design delay_line__parameterized0 has unconnected port CLK
WARNING: [Synth 8-3331] design delay_line__parameterized0 has unconnected port CE
WARNING: [Synth 8-3331] design delay_line__parameterized0 has unconnected port SCLR
WARNING: [Synth 8-3331] design dsp has unconnected port D_PORT[24]
WARNING: [Synth 8-3331] design dsp has unconnected port D_PORT[23]
WARNING: [Synth 8-3331] design dsp has unconnected port D_PORT[22]
WARNING: [Synth 8-3331] design dsp has unconnected port D_PORT[21]
WARNING: [Synth 8-3331] design dsp has unconnected port D_PORT[20]
WARNING: [Synth 8-3331] design dsp has unconnected port D_PORT[19]
WARNING: [Synth 8-3331] design dsp has unconnected port D_PORT[18]
WARNING: [Synth 8-3331] design dsp has unconnected port D_PORT[17]
WARNING: [Synth 8-3331] design dsp has unconnected port D_PORT[16]
WARNING: [Synth 8-3331] design dsp has unconnected port D_PORT[15]
WARNING: [Synth 8-3331] design dsp has unconnected port D_PORT[14]
WARNING: [Synth 8-3331] design dsp has unconnected port D_PORT[13]
WARNING: [Synth 8-3331] design dsp has unconnected port D_PORT[12]
WARNING: [Synth 8-3331] design dsp has unconnected port D_PORT[11]
WARNING: [Synth 8-3331] design dsp has unconnected port D_PORT[10]
WARNING: [Synth 8-3331] design dsp has unconnected port D_PORT[9]
WARNING: [Synth 8-3331] design dsp has unconnected port D_PORT[8]
WARNING: [Synth 8-3331] design dsp has unconnected port D_PORT[7]
WARNING: [Synth 8-3331] design dsp has unconnected port D_PORT[6]
WARNING: [Synth 8-3331] design dsp has unconnected port D_PORT[5]
WARNING: [Synth 8-3331] design dsp has unconnected port D_PORT[4]
WARNING: [Synth 8-3331] design dsp has unconnected port D_PORT[3]
WARNING: [Synth 8-3331] design dsp has unconnected port D_PORT[2]
WARNING: [Synth 8-3331] design dsp has unconnected port D_PORT[1]
WARNING: [Synth 8-3331] design dsp has unconnected port D_PORT[0]
WARNING: [Synth 8-3331] design dsp has unconnected port CARRY_IN
WARNING: [Synth 8-3331] design ccm has unconnected port B[62]
WARNING: [Synth 8-3331] design ccm has unconnected port B[61]
WARNING: [Synth 8-3331] design ccm has unconnected port B[60]
WARNING: [Synth 8-3331] design ccm has unconnected port B[59]
WARNING: [Synth 8-3331] design ccm has unconnected port B[58]
WARNING: [Synth 8-3331] design ccm has unconnected port B[57]
WARNING: [Synth 8-3331] design ccm has unconnected port B[56]
WARNING: [Synth 8-3331] design ccm has unconnected port B[55]
WARNING: [Synth 8-3331] design ccm has unconnected port B[54]
WARNING: [Synth 8-3331] design ccm has unconnected port B[53]
WARNING: [Synth 8-3331] design ccm has unconnected port B[52]
WARNING: [Synth 8-3331] design ccm has unconnected port B[51]
WARNING: [Synth 8-3331] design ccm has unconnected port B[50]
WARNING: [Synth 8-3331] design ccm has unconnected port B[49]
WARNING: [Synth 8-3331] design ccm has unconnected port B[48]
WARNING: [Synth 8-3331] design ccm has unconnected port B[47]
WARNING: [Synth 8-3331] design ccm has unconnected port B[46]
WARNING: [Synth 8-3331] design ccm has unconnected port B[45]
WARNING: [Synth 8-3331] design ccm has unconnected port B[44]
WARNING: [Synth 8-3331] design ccm has unconnected port B[43]
WARNING: [Synth 8-3331] design ccm has unconnected port B[42]
WARNING: [Synth 8-3331] design ccm has unconnected port B[41]
WARNING: [Synth 8-3331] design ccm has unconnected port B[40]
WARNING: [Synth 8-3331] design ccm has unconnected port B[39]
WARNING: [Synth 8-3331] design ccm has unconnected port B[38]
WARNING: [Synth 8-3331] design ccm has unconnected port B[37]
WARNING: [Synth 8-3331] design ccm has unconnected port B[36]
WARNING: [Synth 8-3331] design ccm has unconnected port B[35]
WARNING: [Synth 8-3331] design ccm has unconnected port B[34]
WARNING: [Synth 8-3331] design ccm has unconnected port B[33]
WARNING: [Synth 8-3331] design ccm has unconnected port B[32]
WARNING: [Synth 8-3331] design ccm has unconnected port B[31]
WARNING: [Synth 8-3331] design ccm has unconnected port B[30]
WARNING: [Synth 8-3331] design ccm has unconnected port B[29]
WARNING: [Synth 8-3331] design ccm has unconnected port B[28]
WARNING: [Synth 8-3331] design ccm has unconnected port B[27]
WARNING: [Synth 8-3331] design ccm has unconnected port B[26]
WARNING: [Synth 8-3331] design ccm has unconnected port B[25]
WARNING: [Synth 8-3331] design ccm has unconnected port B[24]
WARNING: [Synth 8-3331] design ccm has unconnected port B[23]
WARNING: [Synth 8-3331] design ccm has unconnected port B[22]
WARNING: [Synth 8-3331] design ccm has unconnected port B[21]
WARNING: [Synth 8-3331] design ccm has unconnected port B[20]
WARNING: [Synth 8-3331] design ccm has unconnected port B[19]
WARNING: [Synth 8-3331] design ccm has unconnected port B[18]
WARNING: [Synth 8-3331] design ccm has unconnected port B[17]
WARNING: [Synth 8-3331] design ccm has unconnected port B[16]
WARNING: [Synth 8-3331] design ccm has unconnected port B[15]
WARNING: [Synth 8-3331] design ccm has unconnected port B[14]
WARNING: [Synth 8-3331] design ccm has unconnected port B[13]
WARNING: [Synth 8-3331] design ccm has unconnected port B[12]
WARNING: [Synth 8-3331] design ccm has unconnected port B[11]
WARNING: [Synth 8-3331] design ccm has unconnected port B[10]
WARNING: [Synth 8-3331] design ccm has unconnected port B[9]
WARNING: [Synth 8-3331] design ccm has unconnected port B[8]
WARNING: [Synth 8-3331] design ccm has unconnected port B[7]
WARNING: [Synth 8-3331] design ccm has unconnected port B[6]
INFO: [Common 17-14] Message 'Synth 8-3331' appears 100 times and further instances of the messages will be disabled. Use the Tcl command set_msg_config to change the current settings.
---------------------------------------------------------------------------------
Finished RTL Elaboration : Time (s): cpu = 00:00:10 ; elapsed = 00:00:13 . Memory (MB): peak = 531.934 ; gain = 185.426
---------------------------------------------------------------------------------

Report Check Netlist: 
+------+------------------+-------+---------+-------+------------------+
|      |Item              |Errors |Warnings |Status |Description       |
+------+------------------+-------+---------+-------+------------------+
|1     |multi_driven_nets |      0|        0|Passed |Multi driven nets |
+------+------------------+-------+---------+-------+------------------+
---------------------------------------------------------------------------------
Start Handling Custom Attributes
---------------------------------------------------------------------------------
---------------------------------------------------------------------------------
Finished Handling Custom Attributes : Time (s): cpu = 00:00:10 ; elapsed = 00:00:13 . Memory (MB): peak = 531.934 ; gain = 185.426
---------------------------------------------------------------------------------
---------------------------------------------------------------------------------
Finished RTL Optimization Phase 1 : Time (s): cpu = 00:00:10 ; elapsed = 00:00:13 . Memory (MB): peak = 531.934 ; gain = 185.426
---------------------------------------------------------------------------------
INFO: [Netlist 29-17] Analyzing 16 Unisim elements for replacement
INFO: [Netlist 29-28] Unisim Transformation completed in 0 CPU seconds
INFO: [Device 21-403] Loading part xa7a25tcpg238-1I
INFO: [Project 1-570] Preparing netlist for logic optimization

Processing XDC Constraints
Initializing timing engine
Parsing XDC File [c:/Users/David/Desktop/BIKE KeyGen/KeyGen/KeyGen.ip/mul_64bit/mul_64bit_ooc.xdc] for cell 'U0'
Finished Parsing XDC File [c:/Users/David/Desktop/BIKE KeyGen/KeyGen/KeyGen.ip/mul_64bit/mul_64bit_ooc.xdc] for cell 'U0'
Parsing XDC File [C:/Users/David/Desktop/BIKE KeyGen/KeyGen/KeyGen.runs/mul_64bit_synth_1/dont_touch.xdc]
Finished Parsing XDC File [C:/Users/David/Desktop/BIKE KeyGen/KeyGen/KeyGen.runs/mul_64bit_synth_1/dont_touch.xdc]
Completed Processing XDC Constraints

INFO: [Project 1-111] Unisim Transformation Summary:
No Unisim elements were transformed.

Constraint Validation Runtime : Time (s): cpu = 00:00:00 ; elapsed = 00:00:00.026 . Memory (MB): peak = 806.973 ; gain = 1.570
---------------------------------------------------------------------------------
Finished Constraint Validation : Time (s): cpu = 00:00:21 ; elapsed = 00:00:26 . Memory (MB): peak = 806.973 ; gain = 460.465
---------------------------------------------------------------------------------
---------------------------------------------------------------------------------
Start Loading Part and Timing Information
---------------------------------------------------------------------------------
Loading part: xa7a25tcpg238-1I
---------------------------------------------------------------------------------
Finished Loading Part and Timing Information : Time (s): cpu = 00:00:21 ; elapsed = 00:00:26 . Memory (MB): peak = 806.973 ; gain = 460.465
---------------------------------------------------------------------------------
---------------------------------------------------------------------------------
Start Applying 'set_property' XDC Constraints
---------------------------------------------------------------------------------
Applied set_property DONT_TOUCH = true for U0. (constraint file  {C:/Users/David/Desktop/BIKE KeyGen/KeyGen/KeyGen.runs/mul_64bit_synth_1/dont_touch.xdc}, line 9).
---------------------------------------------------------------------------------
Finished applying 'set_property' XDC Constraints : Time (s): cpu = 00:00:21 ; elapsed = 00:00:26 . Memory (MB): peak = 806.973 ; gain = 460.465
---------------------------------------------------------------------------------
---------------------------------------------------------------------------------
Finished RTL Optimization Phase 2 : Time (s): cpu = 00:00:22 ; elapsed = 00:00:26 . Memory (MB): peak = 806.973 ; gain = 460.465
---------------------------------------------------------------------------------

Report RTL Partitions: 
+-+--------------+------------+----------+
| |RTL Partition |Replication |Instances |
+-+--------------+------------+----------+
+-+--------------+------------+----------+
---------------------------------------------------------------------------------
Start RTL Component Statistics 
---------------------------------------------------------------------------------
---------------------------------------------------------------------------------
Finished RTL Component Statistics 
---------------------------------------------------------------------------------
---------------------------------------------------------------------------------
Start RTL Hierarchical Component Statistics 
---------------------------------------------------------------------------------
---------------------------------------------------------------------------------
Finished RTL Hierarchical Component Statistics
---------------------------------------------------------------------------------
---------------------------------------------------------------------------------
Start Part Resource Summary
---------------------------------------------------------------------------------
Part Resources:
DSPs: 80 (col length:40)
BRAMs: 90 (col length: RAMB18 40 RAMB36 20)
---------------------------------------------------------------------------------
Finished Part Resource Summary
---------------------------------------------------------------------------------
---------------------------------------------------------------------------------
Start Cross Boundary and Area Optimization
---------------------------------------------------------------------------------
Warning: Parallel synthesis criteria is not met 
---------------------------------------------------------------------------------
Finished Cross Boundary and Area Optimization : Time (s): cpu = 00:00:22 ; elapsed = 00:00:27 . Memory (MB): peak = 806.973 ; gain = 460.465
---------------------------------------------------------------------------------

Report RTL Partitions: 
+-+--------------+------------+----------+
| |RTL Partition |Replication |Instances |
+-+--------------+------------+----------+
+-+--------------+------------+----------+
---------------------------------------------------------------------------------
Start Applying XDC Timing Constraints
---------------------------------------------------------------------------------
---------------------------------------------------------------------------------
Finished Applying XDC Timing Constraints : Time (s): cpu = 00:00:34 ; elapsed = 00:00:40 . Memory (MB): peak = 863.895 ; gain = 517.387
---------------------------------------------------------------------------------
---------------------------------------------------------------------------------
Start Timing Optimization
---------------------------------------------------------------------------------
---------------------------------------------------------------------------------
Finished Timing Optimization : Time (s): cpu = 00:00:34 ; elapsed = 00:00:40 . Memory (MB): peak = 869.254 ; gain = 522.746
---------------------------------------------------------------------------------

Report RTL Partitions: 
+-+--------------+------------+----------+
| |RTL Partition |Replication |Instances |
+-+--------------+------------+----------+
+-+--------------+------------+----------+
---------------------------------------------------------------------------------
Start Technology Mapping
---------------------------------------------------------------------------------
---------------------------------------------------------------------------------
Finished Technology Mapping : Time (s): cpu = 00:00:34 ; elapsed = 00:00:40 . Memory (MB): peak = 879.531 ; gain = 533.023
---------------------------------------------------------------------------------

Report RTL Partitions: 
+-+--------------+------------+----------+
| |RTL Partition |Replication |Instances |
+-+--------------+------------+----------+
+-+--------------+------------+----------+
---------------------------------------------------------------------------------
Start IO Insertion
---------------------------------------------------------------------------------
---------------------------------------------------------------------------------
Start Flattening Before IO Insertion
---------------------------------------------------------------------------------
---------------------------------------------------------------------------------
Finished Flattening Before IO Insertion
---------------------------------------------------------------------------------
---------------------------------------------------------------------------------
Start Final Netlist Cleanup
---------------------------------------------------------------------------------
---------------------------------------------------------------------------------
Finished Final Netlist Cleanup
---------------------------------------------------------------------------------
---------------------------------------------------------------------------------
Finished IO Insertion : Time (s): cpu = 00:00:35 ; elapsed = 00:00:41 . Memory (MB): peak = 879.531 ; gain = 533.023
---------------------------------------------------------------------------------

Report Check Netlist: 
+------+------------------+-------+---------+-------+------------------+
|      |Item              |Errors |Warnings |Status |Description       |
+------+------------------+-------+---------+-------+------------------+
|1     |multi_driven_nets |      0|        0|Passed |Multi driven nets |
+------+------------------+-------+---------+-------+------------------+
---------------------------------------------------------------------------------
Start Renaming Generated Instances
---------------------------------------------------------------------------------
---------------------------------------------------------------------------------
Finished Renaming Generated Instances : Time (s): cpu = 00:00:35 ; elapsed = 00:00:41 . Memory (MB): peak = 879.531 ; gain = 533.023
---------------------------------------------------------------------------------

Report RTL Partitions: 
+-+--------------+------------+----------+
| |RTL Partition |Replication |Instances |
+-+--------------+------------+----------+
+-+--------------+------------+----------+
---------------------------------------------------------------------------------
Start Rebuilding User Hierarchy
---------------------------------------------------------------------------------
---------------------------------------------------------------------------------
Finished Rebuilding User Hierarchy : Time (s): cpu = 00:00:35 ; elapsed = 00:00:41 . Memory (MB): peak = 879.531 ; gain = 533.023
---------------------------------------------------------------------------------
---------------------------------------------------------------------------------
Start Renaming Generated Ports
---------------------------------------------------------------------------------
---------------------------------------------------------------------------------
Finished Renaming Generated Ports : Time (s): cpu = 00:00:35 ; elapsed = 00:00:41 . Memory (MB): peak = 879.531 ; gain = 533.023
---------------------------------------------------------------------------------
---------------------------------------------------------------------------------
Start Handling Custom Attributes
---------------------------------------------------------------------------------
---------------------------------------------------------------------------------
Finished Handling Custom Attributes : Time (s): cpu = 00:00:35 ; elapsed = 00:00:41 . Memory (MB): peak = 879.531 ; gain = 533.023
---------------------------------------------------------------------------------
---------------------------------------------------------------------------------
Start Renaming Generated Nets
---------------------------------------------------------------------------------
---------------------------------------------------------------------------------
Finished Renaming Generated Nets : Time (s): cpu = 00:00:35 ; elapsed = 00:00:41 . Memory (MB): peak = 879.531 ; gain = 533.023
---------------------------------------------------------------------------------
---------------------------------------------------------------------------------
Start Writing Synthesis Report
---------------------------------------------------------------------------------

Report BlackBoxes: 
+-+--------------+----------+
| |BlackBox name |Instances |
+-+--------------+----------+
+-+--------------+----------+

Report Cell Usage: 
+------+----------+------+
|      |Cell      |Count |
+------+----------+------+
|1     |DSP48E1   |    10|
|2     |DSP48E1_1 |     3|
|3     |DSP48E1_2 |     2|
|4     |DSP48E1_3 |     1|
|5     |FDRE      |   102|
+------+----------+------+
---------------------------------------------------------------------------------
Finished Writing Synthesis Report : Time (s): cpu = 00:00:35 ; elapsed = 00:00:41 . Memory (MB): peak = 879.531 ; gain = 533.023
---------------------------------------------------------------------------------
Synthesis finished with 0 errors, 0 critical warnings and 65 warnings.
Synthesis Optimization Runtime : Time (s): cpu = 00:00:18 ; elapsed = 00:00:33 . Memory (MB): peak = 879.531 ; gain = 257.984
Synthesis Optimization Complete : Time (s): cpu = 00:00:35 ; elapsed = 00:00:41 . Memory (MB): peak = 879.531 ; gain = 533.023
INFO: [Project 1-571] Translating synthesized netlist
INFO: [Netlist 29-17] Analyzing 16 Unisim elements for replacement
INFO: [Netlist 29-28] Unisim Transformation completed in 0 CPU seconds
INFO: [Project 1-570] Preparing netlist for logic optimization
INFO: [Opt 31-138] Pushed 0 inverter(s) to 0 load pin(s).
INFO: [Project 1-111] Unisim Transformation Summary:
No Unisim elements were transformed.

INFO: [Common 17-83] Releasing license: Synthesis
17 Infos, 102 Warnings, 0 Critical Warnings and 0 Errors encountered.
synth_design completed successfully
synth_design: Time (s): cpu = 00:00:37 ; elapsed = 00:00:43 . Memory (MB): peak = 879.531 ; gain = 544.496
INFO: [Common 17-1381] The checkpoint 'C:/Users/David/Desktop/BIKE KeyGen/KeyGen/KeyGen.runs/mul_64bit_synth_1/mul_64bit.dcp' has been generated.
