Copyright 1986-2018 Xilinx, Inc. All Rights Reserved.
---------------------------------------------------------------------------------------
| Tool Version : Vivado v.2018.1 (win64) Build 2188600 Wed Apr  4 18:40:38 MDT 2018
| Date         : Sat May  4 10:00:32 2019
| Host         : David-NTU-Desktop running 64-bit major release  (build 9200)
| Command      : report_control_sets -verbose -file BIKE_1_top_control_sets_placed.rpt
| Design       : BIKE_1_top
| Device       : xc7a200t
---------------------------------------------------------------------------------------

Control Set Information

Table of Contents
-----------------
1. Summary
2. Histogram
3. Flip-Flop Distribution
4. Detailed Control Set Information

1. Summary
----------

+----------------------------------------------------------+-------+
|                          Status                          | Count |
+----------------------------------------------------------+-------+
| Number of unique control sets                            |    40 |
| Unused register locations in slices containing registers |   103 |
+----------------------------------------------------------+-------+


2. Histogram
------------

+--------+--------------+
| Fanout | Control Sets |
+--------+--------------+
|      4 |            4 |
|      5 |            4 |
|      6 |            3 |
|      7 |            1 |
|      8 |            1 |
|      9 |            2 |
|     10 |            1 |
|     12 |            3 |
|     13 |            4 |
|     14 |            1 |
|    16+ |           16 |
+--------+--------------+


3. Flip-Flop Distribution
-------------------------

+--------------+-----------------------+------------------------+-----------------+--------------+
| Clock Enable | Synchronous Set/Reset | Asynchronous Set/Reset | Total Registers | Total Slices |
+--------------+-----------------------+------------------------+-----------------+--------------+
| No           | No                    | No                     |              75 |           34 |
| No           | No                    | Yes                    |               0 |            0 |
| No           | Yes                   | No                     |             379 |          131 |
| Yes          | No                    | No                     |             431 |          199 |
| Yes          | No                    | Yes                    |               0 |            0 |
| Yes          | Yes                   | No                     |             108 |           41 |
+--------------+-----------------------+------------------------+-----------------+--------------+


4. Detailed Control Set Information
-----------------------------------

+----------------+----------------------------------------------------------------------------------------+-------------------------------------+------------------+----------------+
|  Clock Signal  |                                      Enable Signal                                     |           Set/Reset Signal          | Slice Load Count | Bel Load Count |
+----------------+----------------------------------------------------------------------------------------+-------------------------------------+------------------+----------------+
|  clk_IBUF_BUFG |                                                                                        | h0_ctrl/cnt[4]_i_1_n_0              |                1 |              4 |
|  clk_IBUF_BUFG |                                                                                        | h1_ctrl/cnt[4]_i_1__0_n_0           |                1 |              4 |
|  clk_IBUF_BUFG | mul1_ctrl/offset_reg2[5]_i_2__0_n_0                                                    | mul1_ctrl/offset_reg2[5]_i_1__0_n_0 |                2 |              4 |
|  clk_IBUF_BUFG | mul0_ctrl/offset_reg2[5]_i_2_n_0                                                       | mul0_ctrl/offset_reg2[5]_i_1_n_0    |                2 |              4 |
|  clk_IBUF_BUFG | h1_ctrl/entry_num[6]_i_2__0_n_0                                                        | h1_ctrl/entry_num[6]_i_1__0_n_0     |                1 |              5 |
|  clk_IBUF_BUFG | mul1_ctrl/f_addra[4]_i_2__0_n_0                                                        | mul1_ctrl/f_addra[4]_i_1__0_n_0     |                2 |              5 |
|  clk_IBUF_BUFG | h0_ctrl/entry_num[6]_i_2_n_0                                                           | h0_ctrl/entry_num[6]_i_1_n_0        |                3 |              5 |
|  clk_IBUF_BUFG | mul0_ctrl/f_addra[4]_i_2_n_0                                                           | mul0_ctrl/f_addra[4]_i_1_n_0        |                2 |              5 |
|  clk_IBUF_BUFG | mul1_ctrl/offset_reg[5]_i_1__0_n_0                                                     |                                     |                3 |              6 |
|  clk_IBUF_BUFG | mul0_ctrl/h_addra[6]_i_1_n_0                                                           |                                     |                4 |              6 |
|  clk_IBUF_BUFG | mul0_ctrl/offset_reg[5]_i_1_n_0                                                        |                                     |                4 |              6 |
|  clk_IBUF_BUFG | mul1_ctrl/h_addra[6]_i_1__0_n_0                                                        |                                     |                4 |              7 |
|  clk_IBUF_BUFG | g_ctrl/g_addr_tmp[7]_i_2_n_0                                                           | g_ctrl/g_addr_tmp                   |                2 |              8 |
|  clk_IBUF_BUFG | mul1_ctrl/cnt[3]_i_1__0_n_0                                                            |                                     |                6 |              9 |
|  clk_IBUF_BUFG | mul0_ctrl/cnt[3]_i_1_n_0                                                               |                                     |                6 |              9 |
|  clk_IBUF_BUFG |                                                                                        | h0_ctrl/h_doutb[13]_i_1_n_0         |                2 |             10 |
|  clk_IBUF_BUFG | h0_rng/U0/inst_fifo_gen/gconvfifo.rf/grf.rf/gntv_or_sync_fifo.gl1.lsshft/wsts/E[0]     |                                     |                3 |             12 |
|  clk_IBUF_BUFG | rng/U0/inst_fifo_gen/gconvfifo.rf/grf.rf/gntv_or_sync_fifo.gl1.lsshft/wsts/E[0]        |                                     |                4 |             12 |
|  clk_IBUF_BUFG | h1_rng/U0/inst_fifo_gen/gconvfifo.rf/grf.rf/gntv_or_sync_fifo.gl1.lsshft/wsts/E[0]     |                                     |                3 |             12 |
|  clk_IBUF_BUFG | mul0_ctrl/cnt[3]_i_1_n_0                                                               | mul0_ctrl/f_douta[12]_i_1_n_0       |                6 |             13 |
|  clk_IBUF_BUFG | mul1_ctrl/cnt[3]_i_1__0_n_0                                                            | mul1_ctrl/f_douta[12]_i_1__0_n_0    |                6 |             13 |
|  clk_IBUF_BUFG | mul1_ctrl/rotate[12]_i_1__0_n_0                                                        |                                     |               10 |             13 |
|  clk_IBUF_BUFG | mul0_ctrl/rotate[12]_i_1_n_0                                                           |                                     |                6 |             13 |
|  clk_IBUF_BUFG |                                                                                        | h1_ctrl/h_doutb[13]_i_1__0_n_0      |                6 |             14 |
|  clk_IBUF_BUFG |                                                                                        | h1_ctrl/h_douta[13]_i_1__0_n_0      |                4 |             16 |
|  clk_IBUF_BUFG | mul1_ctrl/g_addra[7]_i_1__0_n_0                                                        |                                     |               10 |             16 |
|  clk_IBUF_BUFG | mul0_ctrl/g_addra[7]_i_1_n_0                                                           |                                     |               10 |             16 |
|  clk_IBUF_BUFG |                                                                                        | h0_ctrl/h_douta[13]_i_1_n_0         |                6 |             19 |
|  clk_IBUF_BUFG | mul1_ctrl/cnt[3]_i_1__0_n_0                                                            | mul1_ctrl/f_douta[63]_i_1__0_n_0    |                7 |             23 |
|  clk_IBUF_BUFG | mul0_ctrl/cnt[3]_i_1_n_0                                                               | mul0_ctrl/f_douta[63]_i_1_n_0       |                8 |             23 |
|  clk_IBUF_BUFG | h0_rng/U0/inst_fifo_gen/gconvfifo.rf/grf.rf/gntv_or_sync_fifo.gl1.lsshft/wsts/p_10_out |                                     |                4 |             28 |
|  clk_IBUF_BUFG | h0_rng/U0/inst_fifo_gen/gconvfifo.rf/grf.rf/gntv_or_sync_fifo.gl1.lsshft/rsts/E[0]     |                                     |                5 |             28 |
|  clk_IBUF_BUFG | h1_rng/U0/inst_fifo_gen/gconvfifo.rf/grf.rf/gntv_or_sync_fifo.gl1.lsshft/wsts/p_10_out |                                     |                4 |             28 |
|  clk_IBUF_BUFG | h1_rng/U0/inst_fifo_gen/gconvfifo.rf/grf.rf/gntv_or_sync_fifo.gl1.lsshft/rsts/E[0]     |                                     |                6 |             28 |
|  clk_IBUF_BUFG | rng/U0/inst_fifo_gen/gconvfifo.rf/grf.rf/gntv_or_sync_fifo.gl1.lsshft/wsts/p_10_out    |                                     |                8 |             64 |
|  clk_IBUF_BUFG | rng/U0/inst_fifo_gen/gconvfifo.rf/grf.rf/gntv_or_sync_fifo.gl1.lsshft/rsts/E[0]        |                                     |                8 |             64 |
|  clk_IBUF_BUFG |                                                                                        |                                     |               34 |             75 |
|  clk_IBUF_BUFG | mul1_ctrl/rotate[127]_i_1__0_n_0                                                       |                                     |               46 |             87 |
|  clk_IBUF_BUFG | mul0_ctrl/rotate[127]_i_1_n_0                                                          |                                     |               61 |             87 |
|  clk_IBUF_BUFG |                                                                                        | g_ctrl/SR[0]                        |              111 |            312 |
+----------------+----------------------------------------------------------------------------------------+-------------------------------------+------------------+----------------+


