#-----------------------------------------------------------
# Vivado v2018.1 (64-bit)
# SW Build 2188600 on Wed Apr  4 18:40:38 MDT 2018
# IP Build 2185939 on Wed Apr  4 20:55:05 MDT 2018
# Start of session at: Sat May  4 13:20:51 2019
# Process ID: 11812
# Current directory: C:/Users/David/Desktop/KeyGen-2
# Command line: vivado.exe -gui_launcher_event rodinguilauncherevent16964 C:\Users\David\Desktop\KeyGen-2\KeyGen.xpr
# Log file: C:/Users/David/Desktop/KeyGen-2/vivado.log
# Journal file: C:/Users/David/Desktop/KeyGen-2\vivado.jou
#-----------------------------------------------------------
start_gui
open_project C:/Users/David/Desktop/KeyGen-2/KeyGen.xpr
INFO: [Project 1-313] Project file moved from 'C:/Users/David/Desktop/BIKE KeyGen/KeyGen-2' since last save.
Scanning sources...
Finished scanning sources
INFO: [IP_Flow 19-234] Refreshing IP repositories
INFO: [IP_Flow 19-1704] No user IP repositories specified
INFO: [IP_Flow 19-2313] Loaded Vivado IP repository 'F:/Xilinx/Vivado/2018.1/data/ip'.
open_project: Time (s): cpu = 00:00:13 ; elapsed = 00:00:08 . Memory (MB): peak = 951.668 ; gain = 196.949
set_property part xc7a75tfgg484-1 [current_project]
WARNING: [IP_Flow 19-2162] IP 'mem_g' is locked:
* Current project part 'xc7a75tfgg484-1' and the part 'xc7s50csga324-1' used to customize the IP 'mem_g' do not match.
Please select 'Report IP Status' from the 'Tools/Report' menu or run Tcl command 'report_ip_status' for more information.
WARNING: [IP_Flow 19-2162] IP 'mem_h' is locked:
* Current project part 'xc7a75tfgg484-1' and the part 'xc7s50csga324-1' used to customize the IP 'mem_h' do not match.
Please select 'Report IP Status' from the 'Tools/Report' menu or run Tcl command 'report_ip_status' for more information.
WARNING: [IP_Flow 19-2162] IP 'mul_64bit' is locked:
* Current project part 'xc7a75tfgg484-1' and the part 'xc7s50csga324-1' used to customize the IP 'mul_64bit' do not match.
Please select 'Report IP Status' from the 'Tools/Report' menu or run Tcl command 'report_ip_status' for more information.
WARNING: [IP_Flow 19-2162] IP 'fifo_rng' is locked:
* Current project part 'xc7a75tfgg484-1' and the part 'xc7s50csga324-1' used to customize the IP 'fifo_rng' do not match.
Please select 'Report IP Status' from the 'Tools/Report' menu or run Tcl command 'report_ip_status' for more information.
update_ip_catalog
reset_run mul_64bit_synth_1
reset_run fifo_rng_synth_1
reset_run synth_6
launch_runs impl_2 -jobs 6
INFO: [IP_Flow 19-4993] Using cached IP synthesis design for IP mem_g, cache-ID = c45697fbb1fe0209; cache size = 32.905 MB.
WARNING: [Vivado 12-4801] The synthesis checkpoint for IP 'C:/Users/David/Desktop/KeyGen-2/KeyGen.ip/mem_g/mem_g.xci' is available but stale and the IP is locked. An out-of-context (OOC) run will be created and/or launched, but synthesis may not be able to complete or could result in incorrect behavior.
Please select 'Report IP Status' from the 'Tools/Report' menu or run Tcl command 'report_ip_status' for more information.
INFO: [IP_Flow 19-4993] Using cached IP synthesis design for IP mem_h, cache-ID = bbffb752de0e9e3e; cache size = 32.905 MB.
WARNING: [Vivado 12-4801] The synthesis checkpoint for IP 'C:/Users/David/Desktop/KeyGen-2/KeyGen.ip/mem_h/mem_h.xci' is available but stale and the IP is locked. An out-of-context (OOC) run will be created and/or launched, but synthesis may not be able to complete or could result in incorrect behavior.
Please select 'Report IP Status' from the 'Tools/Report' menu or run Tcl command 'report_ip_status' for more information.
WARNING: [Project 1-577] IP run mul_64bit_synth_1 is available but is out of date. Since the IP is locked, the synthesis checkpoint cannot be updated. The out-of-date checkpoint will be used and it may result in incorrect behavior.
Please select 'Report IP Status' from the 'Tools/Report' menu or run the Tcl command 'report_ip_status' for more information.
WARNING: [Project 1-577] IP run fifo_rng_synth_1 is available but is out of date. Since the IP is locked, the synthesis checkpoint cannot be updated. The out-of-date checkpoint will be used and it may result in incorrect behavior.
Please select 'Report IP Status' from the 'Tools/Report' menu or run the Tcl command 'report_ip_status' for more information.
WARNING: [Runs 36-337] The following IPs are either missing output products or output products are not up-to-date for Synthesis target. Since these IPs are locked, no update to the output products can be done. 
Please select 'Report IP Status' from the 'Tools/Report' menu or run Tcl command 'report_ip_status' for more information.
C:/Users/David/Desktop/KeyGen-2/KeyGen.ip/mul_64bit/mul_64bit/mul_64bit.xci

WARNING: [Runs 36-337] The following IPs are either missing output products or output products are not up-to-date for Synthesis target. Since these IPs are locked, no update to the output products can be done. 
Please select 'Report IP Status' from the 'Tools/Report' menu or run Tcl command 'report_ip_status' for more information.
C:/Users/David/Desktop/KeyGen-2/KeyGen.ip/fifo_rng/fifo_rng.xci

WARNING: [Runs 36-337] The following IPs are either missing output products or output products are not up-to-date for Synthesis target. Since these IPs are locked, no update to the output products can be done. 
Please select 'Report IP Status' from the 'Tools/Report' menu or run Tcl command 'report_ip_status' for more information.
C:/Users/David/Desktop/KeyGen-2/KeyGen.ip/mem_g/mem_g.xci
C:/Users/David/Desktop/KeyGen-2/KeyGen.ip/mem_h/mem_h.xci

WARNING: [Project 1-576] IP 'C:/Users/David/Desktop/KeyGen-2/KeyGen.ip/mul_64bit/mul_64bit/mul_64bit.xci' in run mul_64bit_synth_1 is locked, no out-of-context (OOC) run will be launched. The run may not be able to complete.
Please select 'Report IP Status' from 'Tools/Report' or run the Tcl command 'report_ip_status' for more information.
WARNING: [Project 1-576] IP 'C:/Users/David/Desktop/KeyGen-2/KeyGen.ip/fifo_rng/fifo_rng.xci' in run fifo_rng_synth_1 is locked, no out-of-context (OOC) run will be launched. The run may not be able to complete.
Please select 'Report IP Status' from 'Tools/Report' or run the Tcl command 'report_ip_status' for more information.
[Sat May  4 13:22:28 2019] Launched synth_6...
Run output will be captured here: C:/Users/David/Desktop/KeyGen-2/KeyGen.runs/synth_6/runme.log
[Sat May  4 13:22:28 2019] Launched impl_2...
Run output will be captured here: C:/Users/David/Desktop/KeyGen-2/KeyGen.runs/impl_2/runme.log
launch_runs: Time (s): cpu = 00:00:02 ; elapsed = 00:00:22 . Memory (MB): peak = 989.746 ; gain = 1.352
report_ip_status -name ip_status 
upgrade_ip -srcset fifo_rng [get_ips  {fifo_rng mem_g mem_h mul_64bit}] -log ip_upgrade.log
Upgrading 'fifo_rng'
INFO: [Project 1-386] Moving file 'C:/Users/David/Desktop/KeyGen-2/KeyGen.ip/fifo_rng/fifo_rng.xci' from fileset 'fifo_rng' to fileset 'sources_1'.
INFO: [IP_Flow 19-3420] Updated fifo_rng to use current project options
INFO: [IP_Flow 19-1686] Generating 'Instantiation Template' target for IP 'fifo_rng'...
Upgrading 'mem_g'
INFO: [Device 21-403] Loading part xc7a75tfgg484-1
INFO: [IP_Flow 19-3420] Updated mem_g to use current project options
INFO: [IP_Flow 19-1686] Generating 'Instantiation Template' target for IP 'mem_g'...
Upgrading 'mem_h'
INFO: [IP_Flow 19-3420] Updated mem_h to use current project options
INFO: [IP_Flow 19-1686] Generating 'Instantiation Template' target for IP 'mem_h'...
Upgrading 'mul_64bit'
INFO: [Project 1-386] Moving file 'C:/Users/David/Desktop/KeyGen-2/KeyGen.ip/mul_64bit/mul_64bit/mul_64bit.xci' from fileset 'mul_64bit' to fileset 'sources_1'.
INFO: [IP_Flow 19-3420] Updated mul_64bit to use current project options
INFO: [IP_Flow 19-1686] Generating 'Instantiation Template' target for IP 'mul_64bit'...
INFO: [Coretcl 2-1525] Wrote upgrade log to 'C:/Users/David/Desktop/KeyGen-2/ip_upgrade.log'.
upgrade_ip: Time (s): cpu = 00:00:08 ; elapsed = 00:00:09 . Memory (MB): peak = 1250.281 ; gain = 249.563
export_ip_user_files -of_objects [get_ips {fifo_rng mem_g mem_h mul_64bit}] -no_script -sync -force -quiet
reset_run synth_6
launch_runs impl_2 -jobs 6
INFO: [IP_Flow 19-1686] Generating 'Synthesis' target for IP 'mem_g'...
INFO: [IP_Flow 19-1686] Generating 'Synthesis' target for IP 'mem_h'...
INFO: [IP_Flow 19-1686] Generating 'Synthesis' target for IP 'fifo_rng'...
INFO: [IP_Flow 19-1686] Generating 'Synthesis' target for IP 'mul_64bit'...
[Sat May  4 13:23:43 2019] Launched mem_g_synth_1, mem_h_synth_1, mul_64bit_synth_1, fifo_rng_synth_1, synth_6...
Run output will be captured here:
mem_g_synth_1: C:/Users/David/Desktop/KeyGen-2/KeyGen.runs/mem_g_synth_1/runme.log
mem_h_synth_1: C:/Users/David/Desktop/KeyGen-2/KeyGen.runs/mem_h_synth_1/runme.log
mul_64bit_synth_1: C:/Users/David/Desktop/KeyGen-2/KeyGen.runs/mul_64bit_synth_1/runme.log
fifo_rng_synth_1: C:/Users/David/Desktop/KeyGen-2/KeyGen.runs/fifo_rng_synth_1/runme.log
synth_6: C:/Users/David/Desktop/KeyGen-2/KeyGen.runs/synth_6/runme.log
[Sat May  4 13:23:43 2019] Launched impl_2...
Run output will be captured here: C:/Users/David/Desktop/KeyGen-2/KeyGen.runs/impl_2/runme.log
launch_runs: Time (s): cpu = 00:00:03 ; elapsed = 00:00:23 . Memory (MB): peak = 1250.281 ; gain = 0.000
report_ip_status -name ip_status 
export_ip_user_files -of_objects  [get_files C:/Users/David/Desktop/KeyGen-2/KeyGen.srcs/sources_1/bd/design_1/design_1.bd] -no_script -reset -force -quiet
remove_files  C:/Users/David/Desktop/KeyGen-2/KeyGen.srcs/sources_1/bd/design_1/design_1.bd
reset_run synth_6
launch_runs impl_2 -jobs 6
[Sat May  4 13:37:14 2019] Launched synth_6...
Run output will be captured here: C:/Users/David/Desktop/KeyGen-2/KeyGen.runs/synth_6/runme.log
[Sat May  4 13:37:14 2019] Launched impl_2...
Run output will be captured here: C:/Users/David/Desktop/KeyGen-2/KeyGen.runs/impl_2/runme.log
launch_runs: Time (s): cpu = 00:00:00 ; elapsed = 00:00:19 . Memory (MB): peak = 1257.203 ; gain = 2.238
open_run impl_2
INFO: [Netlist 29-17] Analyzing 85 Unisim elements for replacement
INFO: [Netlist 29-28] Unisim Transformation completed in 0 CPU seconds
INFO: [Project 1-479] Netlist was created with Vivado 2018.1
INFO: [Project 1-570] Preparing netlist for logic optimization
INFO: [Timing 38-478] Restoring timing data from binary archive.
INFO: [Timing 38-479] Binary timing data restore complete.
INFO: [Project 1-856] Restoring constraints from binary archive.
INFO: [Project 1-853] Binary constraint restore complete.
Reading XDEF placement.
Reading placer database...
Reading XDEF routing.
Read XDEF File: Time (s): cpu = 00:00:01 ; elapsed = 00:00:00.552 . Memory (MB): peak = 1938.289 ; gain = 0.000
Restored from archive | CPU: 1.000000 secs | Memory: 0.000000 MB |
Finished XDEF File Restore: Time (s): cpu = 00:00:01 ; elapsed = 00:00:00.553 . Memory (MB): peak = 1938.289 ; gain = 0.000
INFO: [Project 1-111] Unisim Transformation Summary:
  A total of 56 instances were transformed.
  SRLC16E => SRL16E: 56 instances

open_run: Time (s): cpu = 00:00:25 ; elapsed = 00:00:33 . Memory (MB): peak = 2009.434 ; gain = 752.211
CRITICAL WARNING: [Timing 38-282] The design failed to meet the timing requirements. Please see the timing summary report for details on the timing violations.
save_constraints
reset_run synth_6
reset_run impl_2
launch_runs impl_2 -jobs 6
[Sat May  4 13:54:06 2019] Launched synth_6...
Run output will be captured here: C:/Users/David/Desktop/KeyGen-2/KeyGen.runs/synth_6/runme.log
[Sat May  4 13:54:06 2019] Launched impl_2...
Run output will be captured here: C:/Users/David/Desktop/KeyGen-2/KeyGen.runs/impl_2/runme.log
launch_runs: Time (s): cpu = 00:00:00 ; elapsed = 00:00:19 . Memory (MB): peak = 2045.246 ; gain = 0.000
refresh_design
INFO: [Netlist 29-17] Analyzing 85 Unisim elements for replacement
INFO: [Netlist 29-28] Unisim Transformation completed in 0 CPU seconds
INFO: [Project 1-479] Netlist was created with Vivado 2018.1
INFO: [Project 1-570] Preparing netlist for logic optimization
INFO: [Timing 38-478] Restoring timing data from binary archive.
INFO: [Timing 38-479] Binary timing data restore complete.
INFO: [Project 1-856] Restoring constraints from binary archive.
INFO: [Project 1-853] Binary constraint restore complete.
Reading XDEF placement.
Reading placer database...
Reading XDEF routing.
Read XDEF File: Time (s): cpu = 00:00:01 ; elapsed = 00:00:00.540 . Memory (MB): peak = 2054.566 ; gain = 0.000
Restored from archive | CPU: 1.000000 secs | Memory: 0.000000 MB |
Finished XDEF File Restore: Time (s): cpu = 00:00:01 ; elapsed = 00:00:00.540 . Memory (MB): peak = 2054.566 ; gain = 0.000
refresh_design: Time (s): cpu = 00:00:12 ; elapsed = 00:00:05 . Memory (MB): peak = 2067.012 ; gain = 21.766
report_utilization -name utilization_1
report_utilization: Time (s): cpu = 00:00:05 ; elapsed = 00:00:02 . Memory (MB): peak = 2070.230 ; gain = 0.000
exit
INFO: [Common 17-206] Exiting Vivado at Sat May  4 14:08:56 2019...
